24-Jan-2017 15:41:16.144 INFO [main] org.apache.catalina.startup.VersionLoggerListener.log Server version:        Apache Tomcat/8.0.39
24-Jan-2017 15:41:16.147 INFO [main] org.apache.catalina.startup.VersionLoggerListener.log Server built:          Nov 9 2016 08:48:39 UTC
24-Jan-2017 15:41:16.147 INFO [main] org.apache.catalina.startup.VersionLoggerListener.log Server number:         8.0.39.0
24-Jan-2017 15:41:16.148 INFO [main] org.apache.catalina.startup.VersionLoggerListener.log OS Name:               Windows 7
24-Jan-2017 15:41:16.148 INFO [main] org.apache.catalina.startup.VersionLoggerListener.log OS Version:            6.1
24-Jan-2017 15:41:16.148 INFO [main] org.apache.catalina.startup.VersionLoggerListener.log Architecture:          amd64
24-Jan-2017 15:41:16.148 INFO [main] org.apache.catalina.startup.VersionLoggerListener.log Java Home:             C:\Program Files\Java\jdk1.8.0_66\jre
24-Jan-2017 15:41:16.148 INFO [main] org.apache.catalina.startup.VersionLoggerListener.log JVM Version:           1.8.0_66-b18
24-Jan-2017 15:41:16.148 INFO [main] org.apache.catalina.startup.VersionLoggerListener.log JVM Vendor:            Oracle Corporation
24-Jan-2017 15:41:16.149 INFO [main] org.apache.catalina.startup.VersionLoggerListener.log CATALINA_BASE:         U:\workspace\apache-tomcat-8.0.39\apache-tomcat-8.0.39
24-Jan-2017 15:41:16.149 INFO [main] org.apache.catalina.startup.VersionLoggerListener.log CATALINA_HOME:         U:\workspace\apache-tomcat-8.0.39\apache-tomcat-8.0.39
24-Jan-2017 15:41:16.149 INFO [main] org.apache.catalina.startup.VersionLoggerListener.log Command line argument: -Djdk.tls.ephemeralDHKeySize=2048
24-Jan-2017 15:41:16.150 INFO [main] org.apache.catalina.startup.VersionLoggerListener.log Command line argument: -Djava.protocol.handler.pkgs=org.apache.catalina.webresources
24-Jan-2017 15:41:16.151 INFO [main] org.apache.catalina.startup.VersionLoggerListener.log Command line argument: -Djava.util.logging.config.file=U:\workspace\apache-tomcat-8.0.39\apache-tomcat-8.0.39\conf\logging.properties
24-Jan-2017 15:41:16.153 INFO [main] org.apache.catalina.startup.VersionLoggerListener.log Command line argument: -Djava.util.logging.manager=org.apache.juli.ClassLoaderLogManager
24-Jan-2017 15:41:16.154 INFO [main] org.apache.catalina.startup.VersionLoggerListener.log Command line argument: -Djava.endorsed.dirs=U:\workspace\apache-tomcat-8.0.39\apache-tomcat-8.0.39\endorsed
24-Jan-2017 15:41:16.156 INFO [main] org.apache.catalina.startup.VersionLoggerListener.log Command line argument: -Dcatalina.base=U:\workspace\apache-tomcat-8.0.39\apache-tomcat-8.0.39
24-Jan-2017 15:41:16.157 INFO [main] org.apache.catalina.startup.VersionLoggerListener.log Command line argument: -Dcatalina.home=U:\workspace\apache-tomcat-8.0.39\apache-tomcat-8.0.39
24-Jan-2017 15:41:16.158 INFO [main] org.apache.catalina.startup.VersionLoggerListener.log Command line argument: -Djava.io.tmpdir=U:\workspace\apache-tomcat-8.0.39\apache-tomcat-8.0.39\temp
24-Jan-2017 15:41:16.159 INFO [main] org.apache.catalina.core.AprLifecycleListener.lifecycleEvent The APR based Apache Tomcat Native library which allows optimal performance in production environments was not found on the java.library.path: C:\Program Files\Java\jdk1.8.0_66\jre\bin;C:\Windows\Sun\Java\bin;C:\Windows\system32;C:\Windows;C:\Program Files\Python35\Scripts\;C:\Program Files\Python35\;C:\ProgramData\Oracle\Java\javapath;C:\Windows\system32;C:\Windows;C:\Windows\System32\Wbem;C:\Windows\System32\WindowsPowerShell\v1.0\;C:\Program Files\Intel\DMIX;c:\Program Files (x86)\Microsoft SQL Server\100\Tools\Binn\;c:\Program Files\Microsoft SQL Server\100\Tools\Binn\;c:\Program Files\Microsoft SQL Server\100\DTS\Binn\;C:\Program Files (x86)\Intel\OpenCL SDK\2.0\bin\x86;C:\Program Files (x86)\Intel\OpenCL SDK\2.0\bin\x64;C:\Program Files\TortoiseSVN\bin;C:\Program Files\TortoiseGit\bin;C:\Program Files (x86)\Intel\OpenCL SDK\2.0\bin\x86;C:\Program Files (x86)\Intel\OpenCL SDK\2.0\bin\x64;.
24-Jan-2017 15:41:16.432 INFO [main] org.apache.coyote.AbstractProtocol.init Initializing ProtocolHandler ["http-nio-8080"]
24-Jan-2017 15:41:16.520 INFO [main] org.apache.tomcat.util.net.NioSelectorPool.getSharedSelector Using a shared selector for servlet write/read
24-Jan-2017 15:41:16.532 INFO [main] org.apache.coyote.AbstractProtocol.init Initializing ProtocolHandler ["ajp-nio-8009"]
24-Jan-2017 15:41:16.541 INFO [main] org.apache.tomcat.util.net.NioSelectorPool.getSharedSelector Using a shared selector for servlet write/read
24-Jan-2017 15:41:16.543 INFO [main] org.apache.catalina.startup.Catalina.load Initialization processed in 1467 ms
24-Jan-2017 15:41:16.658 INFO [main] org.apache.catalina.core.StandardService.startInternal Starting service Catalina
24-Jan-2017 15:41:16.660 INFO [main] org.apache.catalina.core.StandardEngine.startInternal Starting Servlet Engine: Apache Tomcat/8.0.39
24-Jan-2017 15:41:16.747 INFO [localhost-startStop-1] org.apache.catalina.startup.HostConfig.deployDirectory Deploying web application directory U:\workspace\apache-tomcat-8.0.39\apache-tomcat-8.0.39\webapps\docs
24-Jan-2017 15:41:18.241 INFO [localhost-startStop-1] org.apache.catalina.startup.HostConfig.deployDirectory Deployment of web application directory U:\workspace\apache-tomcat-8.0.39\apache-tomcat-8.0.39\webapps\docs has finished in 1,494 ms
24-Jan-2017 15:41:18.245 INFO [localhost-startStop-1] org.apache.catalina.startup.HostConfig.deployDirectory Deploying web application directory U:\workspace\apache-tomcat-8.0.39\apache-tomcat-8.0.39\webapps\examples
24-Jan-2017 15:41:20.513 INFO [localhost-startStop-1] org.apache.catalina.startup.HostConfig.deployDirectory Deployment of web application directory U:\workspace\apache-tomcat-8.0.39\apache-tomcat-8.0.39\webapps\examples has finished in 2,268 ms
24-Jan-2017 15:41:20.515 INFO [localhost-startStop-1] org.apache.catalina.startup.HostConfig.deployDirectory Deploying web application directory U:\workspace\apache-tomcat-8.0.39\apache-tomcat-8.0.39\webapps\host-manager
24-Jan-2017 15:41:20.627 INFO [localhost-startStop-1] org.apache.catalina.startup.HostConfig.deployDirectory Deployment of web application directory U:\workspace\apache-tomcat-8.0.39\apache-tomcat-8.0.39\webapps\host-manager has finished in 112 ms
24-Jan-2017 15:41:20.631 INFO [localhost-startStop-1] org.apache.catalina.startup.HostConfig.deployDirectory Deploying web application directory U:\workspace\apache-tomcat-8.0.39\apache-tomcat-8.0.39\webapps\manager
24-Jan-2017 15:41:20.750 INFO [localhost-startStop-1] org.apache.catalina.startup.HostConfig.deployDirectory Deployment of web application directory U:\workspace\apache-tomcat-8.0.39\apache-tomcat-8.0.39\webapps\manager has finished in 119 ms
24-Jan-2017 15:41:20.755 INFO [localhost-startStop-1] org.apache.catalina.startup.HostConfig.deployDirectory Deploying web application directory U:\workspace\apache-tomcat-8.0.39\apache-tomcat-8.0.39\webapps\ROOT
24-Jan-2017 15:41:20.826 INFO [localhost-startStop-1] org.apache.catalina.startup.HostConfig.deployDirectory Deployment of web application directory U:\workspace\apache-tomcat-8.0.39\apache-tomcat-8.0.39\webapps\ROOT has finished in 71 ms
24-Jan-2017 15:41:20.838 INFO [main] org.apache.coyote.AbstractProtocol.start Starting ProtocolHandler ["http-nio-8080"]
24-Jan-2017 15:41:20.867 INFO [main] org.apache.coyote.AbstractProtocol.start Starting ProtocolHandler ["ajp-nio-8009"]
24-Jan-2017 15:41:20.870 INFO [main] org.apache.catalina.startup.Catalina.start Server startup in 4323 ms
24-Jan-2017 15:50:28.797 INFO [main] org.apache.catalina.core.StandardServer.await A valid shutdown command was received via the shutdown port. Stopping the Server instance.
24-Jan-2017 15:50:28.800 INFO [main] org.apache.coyote.AbstractProtocol.pause Pausing ProtocolHandler ["http-nio-8080"]
24-Jan-2017 15:50:28.856 INFO [main] org.apache.coyote.AbstractProtocol.pause Pausing ProtocolHandler ["ajp-nio-8009"]
24-Jan-2017 15:50:28.907 INFO [main] org.apache.catalina.core.StandardService.stopInternal Stopping service Catalina
24-Jan-2017 15:50:28.974 INFO [main] org.apache.coyote.AbstractProtocol.stop Stopping ProtocolHandler ["http-nio-8080"]
24-Jan-2017 15:50:28.976 INFO [main] org.apache.coyote.AbstractProtocol.stop Stopping ProtocolHandler ["ajp-nio-8009"]
24-Jan-2017 15:50:28.977 INFO [main] org.apache.coyote.AbstractProtocol.destroy Destroying ProtocolHandler ["http-nio-8080"]
24-Jan-2017 15:50:28.978 INFO [1] org.apache.coyote.AbstractProtocol.destroy Destroying ProtocolHandler ["ajp-nio-8009"]
24-Jan-2017 15:50:33.679 INFO [main] org.apache.catalina.startup.VersionLoggerListener.log Server version:        Apache Tomcat/8.0.39
24-Jan-2017 15:50:33.684 INFO [main] org.apache.catalina.startup.VersionLoggerListener.log Server built:          Nov 9 2016 08:48:39 UTC
24-Jan-2017 15:50:33.684 INFO [main] org.apache.catalina.startup.VersionLoggerListener.log Server number:         8.0.39.0
24-Jan-2017 15:50:33.684 INFO [main] org.apache.catalina.startup.VersionLoggerListener.log OS Name:               Windows 7
24-Jan-2017 15:50:33.685 INFO [main] org.apache.catalina.startup.VersionLoggerListener.log OS Version:            6.1
24-Jan-2017 15:50:33.685 INFO [main] org.apache.catalina.startup.VersionLoggerListener.log Architecture:          amd64
24-Jan-2017 15:50:33.685 INFO [main] org.apache.catalina.startup.VersionLoggerListener.log Java Home:             C:\Program Files\Java\jdk1.8.0_66\jre
24-Jan-2017 15:50:33.685 INFO [main] org.apache.catalina.startup.VersionLoggerListener.log JVM Version:           1.8.0_66-b18
24-Jan-2017 15:50:33.686 INFO [main] org.apache.catalina.startup.VersionLoggerListener.log JVM Vendor:            Oracle Corporation
24-Jan-2017 15:50:33.686 INFO [main] org.apache.catalina.startup.VersionLoggerListener.log CATALINA_BASE:         U:\workspace\apache-tomcat-8.0.39\apache-tomcat-8.0.39
24-Jan-2017 15:50:33.686 INFO [main] org.apache.catalina.startup.VersionLoggerListener.log CATALINA_HOME:         U:\workspace\apache-tomcat-8.0.39\apache-tomcat-8.0.39
24-Jan-2017 15:50:33.687 INFO [main] org.apache.catalina.startup.VersionLoggerListener.log Command line argument: -Djdk.tls.ephemeralDHKeySize=2048
24-Jan-2017 15:50:33.689 INFO [main] org.apache.catalina.startup.VersionLoggerListener.log Command line argument: -Djava.protocol.handler.pkgs=org.apache.catalina.webresources
24-Jan-2017 15:50:33.691 INFO [main] org.apache.catalina.startup.VersionLoggerListener.log Command line argument: -Djava.util.logging.config.file=U:\workspace\apache-tomcat-8.0.39\apache-tomcat-8.0.39\conf\logging.properties
24-Jan-2017 15:50:33.692 INFO [main] org.apache.catalina.startup.VersionLoggerListener.log Command line argument: -Djava.util.logging.manager=org.apache.juli.ClassLoaderLogManager
24-Jan-2017 15:50:33.693 INFO [main] org.apache.catalina.startup.VersionLoggerListener.log Command line argument: -Djava.endorsed.dirs=U:\workspace\apache-tomcat-8.0.39\apache-tomcat-8.0.39\endorsed
24-Jan-2017 15:50:33.694 INFO [main] org.apache.catalina.startup.VersionLoggerListener.log Command line argument: -Dcatalina.base=U:\workspace\apache-tomcat-8.0.39\apache-tomcat-8.0.39
24-Jan-2017 15:50:33.695 INFO [main] org.apache.catalina.startup.VersionLoggerListener.log Command line argument: -Dcatalina.home=U:\workspace\apache-tomcat-8.0.39\apache-tomcat-8.0.39
24-Jan-2017 15:50:33.696 INFO [main] org.apache.catalina.startup.VersionLoggerListener.log Command line argument: -Djava.io.tmpdir=U:\workspace\apache-tomcat-8.0.39\apache-tomcat-8.0.39\temp
24-Jan-2017 15:50:33.697 INFO [main] org.apache.catalina.core.AprLifecycleListener.lifecycleEvent The APR based Apache Tomcat Native library which allows optimal performance in production environments was not found on the java.library.path: C:\Program Files\Java\jdk1.8.0_66\jre\bin;C:\Windows\Sun\Java\bin;C:\Windows\system32;C:\Windows;C:\Program Files\Python35\Scripts\;C:\Program Files\Python35\;C:\ProgramData\Oracle\Java\javapath;C:\Windows\system32;C:\Windows;C:\Windows\System32\Wbem;C:\Windows\System32\WindowsPowerShell\v1.0\;C:\Program Files\Intel\DMIX;c:\Program Files (x86)\Microsoft SQL Server\100\Tools\Binn\;c:\Program Files\Microsoft SQL Server\100\Tools\Binn\;c:\Program Files\Microsoft SQL Server\100\DTS\Binn\;C:\Program Files (x86)\Intel\OpenCL SDK\2.0\bin\x86;C:\Program Files (x86)\Intel\OpenCL SDK\2.0\bin\x64;C:\Program Files\TortoiseSVN\bin;C:\Program Files\TortoiseGit\bin;C:\Program Files (x86)\Intel\OpenCL SDK\2.0\bin\x86;C:\Program Files (x86)\Intel\OpenCL SDK\2.0\bin\x64;.
24-Jan-2017 15:50:34.049 INFO [main] org.apache.coyote.AbstractProtocol.init Initializing ProtocolHandler ["http-nio-8080"]
24-Jan-2017 15:50:34.143 INFO [main] org.apache.tomcat.util.net.NioSelectorPool.getSharedSelector Using a shared selector for servlet write/read
24-Jan-2017 15:50:34.154 INFO [main] org.apache.coyote.AbstractProtocol.init Initializing ProtocolHandler ["ajp-nio-8009"]
24-Jan-2017 15:50:34.160 INFO [main] org.apache.tomcat.util.net.NioSelectorPool.getSharedSelector Using a shared selector for servlet write/read
24-Jan-2017 15:50:34.163 INFO [main] org.apache.catalina.startup.Catalina.load Initialization processed in 1587 ms
24-Jan-2017 15:50:34.368 INFO [main] org.apache.catalina.core.StandardService.startInternal Starting service Catalina
24-Jan-2017 15:50:34.370 INFO [main] org.apache.catalina.core.StandardEngine.startInternal Starting Servlet Engine: Apache Tomcat/8.0.39
24-Jan-2017 15:50:34.418 INFO [localhost-startStop-1] org.apache.catalina.startup.HostConfig.deployDirectory Deploying web application directory U:\workspace\apache-tomcat-8.0.39\apache-tomcat-8.0.39\webapps\docs
24-Jan-2017 15:50:36.249 INFO [localhost-startStop-1] org.apache.catalina.startup.HostConfig.deployDirectory Deployment of web application directory U:\workspace\apache-tomcat-8.0.39\apache-tomcat-8.0.39\webapps\docs has finished in 1,830 ms
24-Jan-2017 15:50:36.250 INFO [localhost-startStop-1] org.apache.catalina.startup.HostConfig.deployDirectory Deploying web application directory U:\workspace\apache-tomcat-8.0.39\apache-tomcat-8.0.39\webapps\examples
24-Jan-2017 15:50:37.609 SEVERE [main] org.apache.catalina.startup.Catalina.stopServer Could not contact localhost:8005. Tomcat may not be running.
24-Jan-2017 15:50:37.613 SEVERE [main] org.apache.catalina.startup.Catalina.stopServer Catalina.stop: 
 java.net.ConnectException: Connection refused: connect
	at java.net.DualStackPlainSocketImpl.connect0(Native Method)
	at java.net.DualStackPlainSocketImpl.socketConnect(DualStackPlainSocketImpl.java:79)
	at java.net.AbstractPlainSocketImpl.doConnect(AbstractPlainSocketImpl.java:350)
	at java.net.AbstractPlainSocketImpl.connectToAddress(AbstractPlainSocketImpl.java:206)
	at java.net.AbstractPlainSocketImpl.connect(AbstractPlainSocketImpl.java:188)
	at java.net.PlainSocketImpl.connect(PlainSocketImpl.java:172)
	at java.net.SocksSocketImpl.connect(SocksSocketImpl.java:392)
	at java.net.Socket.connect(Socket.java:589)
	at java.net.Socket.connect(Socket.java:538)
	at java.net.Socket.<init>(Socket.java:434)
	at java.net.Socket.<init>(Socket.java:211)
	at org.apache.catalina.startup.Catalina.stopServer(Catalina.java:450)
	at sun.reflect.NativeMethodAccessorImpl.invoke0(Native Method)
	at sun.reflect.NativeMethodAccessorImpl.invoke(NativeMethodAccessorImpl.java:62)
	at sun.reflect.DelegatingMethodAccessorImpl.invoke(DelegatingMethodAccessorImpl.java:43)
	at java.lang.reflect.Method.invoke(Method.java:497)
	at org.apache.catalina.startup.Bootstrap.stopServer(Bootstrap.java:400)
	at org.apache.catalina.startup.Bootstrap.main(Bootstrap.java:487)

24-Jan-2017 15:50:39.576 INFO [localhost-startStop-1] org.apache.catalina.startup.HostConfig.deployDirectory Deployment of web application directory U:\workspace\apache-tomcat-8.0.39\apache-tomcat-8.0.39\webapps\examples has finished in 3,325 ms
24-Jan-2017 15:50:39.579 INFO [localhost-startStop-1] org.apache.catalina.startup.HostConfig.deployDirectory Deploying web application directory U:\workspace\apache-tomcat-8.0.39\apache-tomcat-8.0.39\webapps\host-manager
24-Jan-2017 15:50:39.743 INFO [localhost-startStop-1] org.apache.catalina.startup.HostConfig.deployDirectory Deployment of web application directory U:\workspace\apache-tomcat-8.0.39\apache-tomcat-8.0.39\webapps\host-manager has finished in 164 ms
24-Jan-2017 15:50:39.745 INFO [localhost-startStop-1] org.apache.catalina.startup.HostConfig.deployDirectory Deploying web application directory U:\workspace\apache-tomcat-8.0.39\apache-tomcat-8.0.39\webapps\manager
24-Jan-2017 15:50:39.911 INFO [localhost-startStop-1] org.apache.catalina.startup.HostConfig.deployDirectory Deployment of web application directory U:\workspace\apache-tomcat-8.0.39\apache-tomcat-8.0.39\webapps\manager has finished in 166 ms
24-Jan-2017 15:50:39.914 INFO [localhost-startStop-1] org.apache.catalina.startup.HostConfig.deployDirectory Deploying web application directory U:\workspace\apache-tomcat-8.0.39\apache-tomcat-8.0.39\webapps\ROOT
24-Jan-2017 15:50:40.019 INFO [localhost-startStop-1] org.apache.catalina.startup.HostConfig.deployDirectory Deployment of web application directory U:\workspace\apache-tomcat-8.0.39\apache-tomcat-8.0.39\webapps\ROOT has finished in 106 ms
24-Jan-2017 15:50:40.035 INFO [main] org.apache.coyote.AbstractProtocol.start Starting ProtocolHandler ["http-nio-8080"]
24-Jan-2017 15:50:40.093 INFO [main] org.apache.coyote.AbstractProtocol.start Starting ProtocolHandler ["ajp-nio-8009"]
24-Jan-2017 15:50:40.098 INFO [main] org.apache.catalina.startup.Catalina.start Server startup in 5931 ms
24-Jan-2017 15:50:40.598 INFO [main] org.apache.catalina.core.StandardServer.await A valid shutdown command was received via the shutdown port. Stopping the Server instance.
24-Jan-2017 15:50:40.600 INFO [main] org.apache.coyote.AbstractProtocol.pause Pausing ProtocolHandler ["http-nio-8080"]
24-Jan-2017 15:50:40.655 INFO [main] org.apache.coyote.AbstractProtocol.pause Pausing ProtocolHandler ["ajp-nio-8009"]
24-Jan-2017 15:50:40.708 INFO [main] org.apache.catalina.core.StandardService.stopInternal Stopping service Catalina
24-Jan-2017 15:50:40.774 INFO [main] org.apache.coyote.AbstractProtocol.stop Stopping ProtocolHandler ["http-nio-8080"]
24-Jan-2017 15:50:40.778 INFO [main] org.apache.coyote.AbstractProtocol.stop Stopping ProtocolHandler ["ajp-nio-8009"]
24-Jan-2017 15:50:40.781 INFO [main] org.apache.coyote.AbstractProtocol.destroy Destroying ProtocolHandler ["http-nio-8080"]
24-Jan-2017 15:50:40.785 INFO [main] org.apache.coyote.AbstractProtocol.destroy Destroying ProtocolHandler ["ajp-nio-8009"]
24-Jan-2017 15:52:54.634 INFO [main] org.apache.catalina.startup.VersionLoggerListener.log Server version:        Apache Tomcat/8.0.39
24-Jan-2017 15:52:54.639 INFO [main] org.apache.catalina.startup.VersionLoggerListener.log Server built:          Nov 9 2016 08:48:39 UTC
24-Jan-2017 15:52:54.640 INFO [main] org.apache.catalina.startup.VersionLoggerListener.log Server number:         8.0.39.0
24-Jan-2017 15:52:54.641 INFO [main] org.apache.catalina.startup.VersionLoggerListener.log OS Name:               Windows 7
24-Jan-2017 15:52:54.641 INFO [main] org.apache.catalina.startup.VersionLoggerListener.log OS Version:            6.1
24-Jan-2017 15:52:54.641 INFO [main] org.apache.catalina.startup.VersionLoggerListener.log Architecture:          amd64
24-Jan-2017 15:52:54.642 INFO [main] org.apache.catalina.startup.VersionLoggerListener.log Java Home:             C:\Program Files\Java\jdk1.8.0_66\jre
24-Jan-2017 15:52:54.642 INFO [main] org.apache.catalina.startup.VersionLoggerListener.log JVM Version:           1.8.0_66-b18
24-Jan-2017 15:52:54.642 INFO [main] org.apache.catalina.startup.VersionLoggerListener.log JVM Vendor:            Oracle Corporation
24-Jan-2017 15:52:54.642 INFO [main] org.apache.catalina.startup.VersionLoggerListener.log CATALINA_BASE:         U:\workspace\apache-tomcat-8.0.39\apache-tomcat-8.0.39
24-Jan-2017 15:52:54.642 INFO [main] org.apache.catalina.startup.VersionLoggerListener.log CATALINA_HOME:         U:\workspace\apache-tomcat-8.0.39\apache-tomcat-8.0.39
24-Jan-2017 15:52:54.643 INFO [main] org.apache.catalina.startup.VersionLoggerListener.log Command line argument: -Djdk.tls.ephemeralDHKeySize=2048
24-Jan-2017 15:52:54.644 INFO [main] org.apache.catalina.startup.VersionLoggerListener.log Command line argument: -Djava.protocol.handler.pkgs=org.apache.catalina.webresources
24-Jan-2017 15:52:54.647 INFO [main] org.apache.catalina.startup.VersionLoggerListener.log Command line argument: -Djava.util.logging.config.file=U:\workspace\apache-tomcat-8.0.39\apache-tomcat-8.0.39\conf\logging.properties
24-Jan-2017 15:52:54.648 INFO [main] org.apache.catalina.startup.VersionLoggerListener.log Command line argument: -Djava.util.logging.manager=org.apache.juli.ClassLoaderLogManager
24-Jan-2017 15:52:54.649 INFO [main] org.apache.catalina.startup.VersionLoggerListener.log Command line argument: -Djava.endorsed.dirs=U:\workspace\apache-tomcat-8.0.39\apache-tomcat-8.0.39\endorsed
24-Jan-2017 15:52:54.651 INFO [main] org.apache.catalina.startup.VersionLoggerListener.log Command line argument: -Dcatalina.base=U:\workspace\apache-tomcat-8.0.39\apache-tomcat-8.0.39
24-Jan-2017 15:52:54.652 INFO [main] org.apache.catalina.startup.VersionLoggerListener.log Command line argument: -Dcatalina.home=U:\workspace\apache-tomcat-8.0.39\apache-tomcat-8.0.39
24-Jan-2017 15:52:54.655 INFO [main] org.apache.catalina.startup.VersionLoggerListener.log Command line argument: -Djava.io.tmpdir=U:\workspace\apache-tomcat-8.0.39\apache-tomcat-8.0.39\temp
24-Jan-2017 15:52:54.657 INFO [main] org.apache.catalina.core.AprLifecycleListener.lifecycleEvent The APR based Apache Tomcat Native library which allows optimal performance in production environments was not found on the java.library.path: C:\Program Files\Java\jdk1.8.0_66\jre\bin;C:\Windows\Sun\Java\bin;C:\Windows\system32;C:\Windows;C:\Program Files\Python35\Scripts\;C:\Program Files\Python35\;C:\ProgramData\Oracle\Java\javapath;C:\Windows\system32;C:\Windows;C:\Windows\System32\Wbem;C:\Windows\System32\WindowsPowerShell\v1.0\;C:\Program Files\Intel\DMIX;c:\Program Files (x86)\Microsoft SQL Server\100\Tools\Binn\;c:\Program Files\Microsoft SQL Server\100\Tools\Binn\;c:\Program Files\Microsoft SQL Server\100\DTS\Binn\;C:\Program Files (x86)\Intel\OpenCL SDK\2.0\bin\x86;C:\Program Files (x86)\Intel\OpenCL SDK\2.0\bin\x64;C:\Program Files\TortoiseSVN\bin;C:\Program Files\TortoiseGit\bin;C:\Program Files (x86)\Intel\OpenCL SDK\2.0\bin\x86;C:\Program Files (x86)\Intel\OpenCL SDK\2.0\bin\x64;.
24-Jan-2017 15:52:54.947 INFO [main] org.apache.coyote.AbstractProtocol.init Initializing ProtocolHandler ["http-nio-8080"]
24-Jan-2017 15:52:55.031 INFO [main] org.apache.tomcat.util.net.NioSelectorPool.getSharedSelector Using a shared selector for servlet write/read
24-Jan-2017 15:52:55.038 INFO [main] org.apache.coyote.AbstractProtocol.init Initializing ProtocolHandler ["ajp-nio-8009"]
24-Jan-2017 15:52:55.043 INFO [main] org.apache.tomcat.util.net.NioSelectorPool.getSharedSelector Using a shared selector for servlet write/read
24-Jan-2017 15:52:55.044 INFO [main] org.apache.catalina.startup.Catalina.load Initialization processed in 1216 ms
24-Jan-2017 15:52:55.152 INFO [main] org.apache.catalina.core.StandardService.startInternal Starting service Catalina
24-Jan-2017 15:52:55.154 INFO [main] org.apache.catalina.core.StandardEngine.startInternal Starting Servlet Engine: Apache Tomcat/8.0.39
24-Jan-2017 15:52:55.228 INFO [localhost-startStop-1] org.apache.catalina.startup.HostConfig.deployWAR Deploying web application archive U:\workspace\apache-tomcat-8.0.39\apache-tomcat-8.0.39\webapps\AwTP3bis.war
24-Jan-2017 15:52:56.538 INFO [localhost-startStop-1] org.apache.catalina.startup.HostConfig.deployWAR Deployment of web application archive U:\workspace\apache-tomcat-8.0.39\apache-tomcat-8.0.39\webapps\AwTP3bis.war has finished in 1,309 ms
24-Jan-2017 15:52:56.544 INFO [localhost-startStop-1] org.apache.catalina.startup.HostConfig.deployDirectory Deploying web application directory U:\workspace\apache-tomcat-8.0.39\apache-tomcat-8.0.39\webapps\docs
24-Jan-2017 15:52:56.633 INFO [localhost-startStop-1] org.apache.catalina.startup.HostConfig.deployDirectory Deployment of web application directory U:\workspace\apache-tomcat-8.0.39\apache-tomcat-8.0.39\webapps\docs has finished in 89 ms
24-Jan-2017 15:52:56.634 INFO [localhost-startStop-1] org.apache.catalina.startup.HostConfig.deployDirectory Deploying web application directory U:\workspace\apache-tomcat-8.0.39\apache-tomcat-8.0.39\webapps\examples
24-Jan-2017 15:52:58.531 INFO [localhost-startStop-1] org.apache.catalina.startup.HostConfig.deployDirectory Deployment of web application directory U:\workspace\apache-tomcat-8.0.39\apache-tomcat-8.0.39\webapps\examples has finished in 1,897 ms
24-Jan-2017 15:52:58.532 INFO [localhost-startStop-1] org.apache.catalina.startup.HostConfig.deployDirectory Deploying web application directory U:\workspace\apache-tomcat-8.0.39\apache-tomcat-8.0.39\webapps\host-manager
24-Jan-2017 15:52:58.632 INFO [localhost-startStop-1] org.apache.catalina.startup.HostConfig.deployDirectory Deployment of web application directory U:\workspace\apache-tomcat-8.0.39\apache-tomcat-8.0.39\webapps\host-manager has finished in 99 ms
24-Jan-2017 15:52:58.632 INFO [localhost-startStop-1] org.apache.catalina.startup.HostConfig.deployDirectory Deploying web application directory U:\workspace\apache-tomcat-8.0.39\apache-tomcat-8.0.39\webapps\manager
24-Jan-2017 15:52:58.736 INFO [localhost-startStop-1] org.apache.catalina.startup.HostConfig.deployDirectory Deployment of web application directory U:\workspace\apache-tomcat-8.0.39\apache-tomcat-8.0.39\webapps\manager has finished in 104 ms
24-Jan-2017 15:52:58.737 INFO [localhost-startStop-1] org.apache.catalina.startup.HostConfig.deployDirectory Deploying web application directory U:\workspace\apache-tomcat-8.0.39\apache-tomcat-8.0.39\webapps\ROOT
24-Jan-2017 15:52:58.799 INFO [localhost-startStop-1] org.apache.catalina.startup.HostConfig.deployDirectory Deployment of web application directory U:\workspace\apache-tomcat-8.0.39\apache-tomcat-8.0.39\webapps\ROOT has finished in 62 ms
24-Jan-2017 15:52:58.808 INFO [main] org.apache.coyote.AbstractProtocol.start Starting ProtocolHandler ["http-nio-8080"]
24-Jan-2017 15:52:58.832 INFO [main] org.apache.coyote.AbstractProtocol.start Starting ProtocolHandler ["ajp-nio-8009"]
24-Jan-2017 15:52:58.836 INFO [main] org.apache.catalina.startup.Catalina.start Server startup in 3789 ms
24-Jan-2017 16:12:06.469 INFO [main] org.apache.catalina.core.StandardServer.await A valid shutdown command was received via the shutdown port. Stopping the Server instance.
24-Jan-2017 16:12:06.471 INFO [main] org.apache.coyote.AbstractProtocol.pause Pausing ProtocolHandler ["http-nio-8080"]
24-Jan-2017 16:12:06.526 INFO [main] org.apache.coyote.AbstractProtocol.pause Pausing ProtocolHandler ["ajp-nio-8009"]
24-Jan-2017 16:12:06.577 INFO [main] org.apache.catalina.core.StandardService.stopInternal Stopping service Catalina
24-Jan-2017 16:12:06.641 INFO [main] org.apache.coyote.AbstractProtocol.stop Stopping ProtocolHandler ["http-nio-8080"]
24-Jan-2017 16:12:06.647 INFO [main] org.apache.coyote.AbstractProtocol.stop Stopping ProtocolHandler ["ajp-nio-8009"]
24-Jan-2017 16:12:06.648 INFO [main] org.apache.coyote.AbstractProtocol.destroy Destroying ProtocolHandler ["http-nio-8080"]
24-Jan-2017 16:12:06.651 INFO [main] org.apache.coyote.AbstractProtocol.destroy Destroying ProtocolHandler ["ajp-nio-8009"]
24-Jan-2017 16:12:12.776 INFO [main] org.apache.catalina.startup.VersionLoggerListener.log Server version:        Apache Tomcat/8.0.39
24-Jan-2017 16:12:12.779 INFO [main] org.apache.catalina.startup.VersionLoggerListener.log Server built:          Nov 9 2016 08:48:39 UTC
24-Jan-2017 16:12:12.780 INFO [main] org.apache.catalina.startup.VersionLoggerListener.log Server number:         8.0.39.0
24-Jan-2017 16:12:12.780 INFO [main] org.apache.catalina.startup.VersionLoggerListener.log OS Name:               Windows 7
24-Jan-2017 16:12:12.780 INFO [main] org.apache.catalina.startup.VersionLoggerListener.log OS Version:            6.1
24-Jan-2017 16:12:12.780 INFO [main] org.apache.catalina.startup.VersionLoggerListener.log Architecture:          amd64
24-Jan-2017 16:12:12.780 INFO [main] org.apache.catalina.startup.VersionLoggerListener.log Java Home:             C:\Program Files\Java\jdk1.8.0_66\jre
24-Jan-2017 16:12:12.780 INFO [main] org.apache.catalina.startup.VersionLoggerListener.log JVM Version:           1.8.0_66-b18
24-Jan-2017 16:12:12.781 INFO [main] org.apache.catalina.startup.VersionLoggerListener.log JVM Vendor:            Oracle Corporation
24-Jan-2017 16:12:12.781 INFO [main] org.apache.catalina.startup.VersionLoggerListener.log CATALINA_BASE:         U:\workspace\apache-tomcat-8.0.39\apache-tomcat-8.0.39
24-Jan-2017 16:12:12.781 INFO [main] org.apache.catalina.startup.VersionLoggerListener.log CATALINA_HOME:         U:\workspace\apache-tomcat-8.0.39\apache-tomcat-8.0.39
24-Jan-2017 16:12:12.781 INFO [main] org.apache.catalina.startup.VersionLoggerListener.log Command line argument: -Djdk.tls.ephemeralDHKeySize=2048
24-Jan-2017 16:12:12.782 INFO [main] org.apache.catalina.startup.VersionLoggerListener.log Command line argument: -Djava.protocol.handler.pkgs=org.apache.catalina.webresources
24-Jan-2017 16:12:12.783 INFO [main] org.apache.catalina.startup.VersionLoggerListener.log Command line argument: -Djava.util.logging.config.file=U:\workspace\apache-tomcat-8.0.39\apache-tomcat-8.0.39\conf\logging.properties
24-Jan-2017 16:12:12.784 INFO [main] org.apache.catalina.startup.VersionLoggerListener.log Command line argument: -Djava.util.logging.manager=org.apache.juli.ClassLoaderLogManager
24-Jan-2017 16:12:12.786 INFO [main] org.apache.catalina.startup.VersionLoggerListener.log Command line argument: -Djava.endorsed.dirs=U:\workspace\apache-tomcat-8.0.39\apache-tomcat-8.0.39\endorsed
24-Jan-2017 16:12:12.787 INFO [main] org.apache.catalina.startup.VersionLoggerListener.log Command line argument: -Dcatalina.base=U:\workspace\apache-tomcat-8.0.39\apache-tomcat-8.0.39
24-Jan-2017 16:12:12.789 INFO [main] org.apache.catalina.startup.VersionLoggerListener.log Command line argument: -Dcatalina.home=U:\workspace\apache-tomcat-8.0.39\apache-tomcat-8.0.39
24-Jan-2017 16:12:12.790 INFO [main] org.apache.catalina.startup.VersionLoggerListener.log Command line argument: -Djava.io.tmpdir=U:\workspace\apache-tomcat-8.0.39\apache-tomcat-8.0.39\temp
24-Jan-2017 16:12:12.792 INFO [main] org.apache.catalina.core.AprLifecycleListener.lifecycleEvent The APR based Apache Tomcat Native library which allows optimal performance in production environments was not found on the java.library.path: C:\Program Files\Java\jdk1.8.0_66\jre\bin;C:\Windows\Sun\Java\bin;C:\Windows\system32;C:\Windows;C:\Program Files\Python35\Scripts\;C:\Program Files\Python35\;C:\ProgramData\Oracle\Java\javapath;C:\Windows\system32;C:\Windows;C:\Windows\System32\Wbem;C:\Windows\System32\WindowsPowerShell\v1.0\;C:\Program Files\Intel\DMIX;c:\Program Files (x86)\Microsoft SQL Server\100\Tools\Binn\;c:\Program Files\Microsoft SQL Server\100\Tools\Binn\;c:\Program Files\Microsoft SQL Server\100\DTS\Binn\;C:\Program Files (x86)\Intel\OpenCL SDK\2.0\bin\x86;C:\Program Files (x86)\Intel\OpenCL SDK\2.0\bin\x64;C:\Program Files\TortoiseSVN\bin;C:\Program Files\TortoiseGit\bin;C:\Program Files (x86)\Intel\OpenCL SDK\2.0\bin\x86;C:\Program Files (x86)\Intel\OpenCL SDK\2.0\bin\x64;.
24-Jan-2017 16:12:13.050 INFO [main] org.apache.coyote.AbstractProtocol.init Initializing ProtocolHandler ["http-nio-8080"]
24-Jan-2017 16:12:13.145 INFO [main] org.apache.tomcat.util.net.NioSelectorPool.getSharedSelector Using a shared selector for servlet write/read
24-Jan-2017 16:12:13.153 INFO [main] org.apache.coyote.AbstractProtocol.init Initializing ProtocolHandler ["ajp-nio-8009"]
24-Jan-2017 16:12:13.159 INFO [main] org.apache.tomcat.util.net.NioSelectorPool.getSharedSelector Using a shared selector for servlet write/read
24-Jan-2017 16:12:13.160 INFO [main] org.apache.catalina.startup.Catalina.load Initialization processed in 1215 ms
24-Jan-2017 16:12:13.246 INFO [main] org.apache.catalina.core.StandardService.startInternal Starting service Catalina
24-Jan-2017 16:12:13.247 INFO [main] org.apache.catalina.core.StandardEngine.startInternal Starting Servlet Engine: Apache Tomcat/8.0.39
24-Jan-2017 16:12:13.343 INFO [localhost-startStop-1] org.apache.catalina.startup.HostConfig.deployWAR Deploying web application archive U:\workspace\apache-tomcat-8.0.39\apache-tomcat-8.0.39\webapps\AwTP3bis.war
24-Jan-2017 16:12:14.609 INFO [localhost-startStop-1] org.apache.catalina.startup.HostConfig.deployWAR Deployment of web application archive U:\workspace\apache-tomcat-8.0.39\apache-tomcat-8.0.39\webapps\AwTP3bis.war has finished in 1,266 ms
24-Jan-2017 16:12:14.617 INFO [localhost-startStop-1] org.apache.catalina.startup.HostConfig.deployDirectory Deploying web application directory U:\workspace\apache-tomcat-8.0.39\apache-tomcat-8.0.39\webapps\docs
24-Jan-2017 16:12:14.715 INFO [localhost-startStop-1] org.apache.catalina.startup.HostConfig.deployDirectory Deployment of web application directory U:\workspace\apache-tomcat-8.0.39\apache-tomcat-8.0.39\webapps\docs has finished in 98 ms
24-Jan-2017 16:12:14.717 INFO [localhost-startStop-1] org.apache.catalina.startup.HostConfig.deployDirectory Deploying web application directory U:\workspace\apache-tomcat-8.0.39\apache-tomcat-8.0.39\webapps\examples
24-Jan-2017 16:12:16.728 INFO [localhost-startStop-1] org.apache.catalina.startup.HostConfig.deployDirectory Deployment of web application directory U:\workspace\apache-tomcat-8.0.39\apache-tomcat-8.0.39\webapps\examples has finished in 2,011 ms
24-Jan-2017 16:12:16.729 INFO [localhost-startStop-1] org.apache.catalina.startup.HostConfig.deployDirectory Deploying web application directory U:\workspace\apache-tomcat-8.0.39\apache-tomcat-8.0.39\webapps\host-manager
24-Jan-2017 16:12:16.836 INFO [localhost-startStop-1] org.apache.catalina.startup.HostConfig.deployDirectory Deployment of web application directory U:\workspace\apache-tomcat-8.0.39\apache-tomcat-8.0.39\webapps\host-manager has finished in 107 ms
24-Jan-2017 16:12:16.838 INFO [localhost-startStop-1] org.apache.catalina.startup.HostConfig.deployDirectory Deploying web application directory U:\workspace\apache-tomcat-8.0.39\apache-tomcat-8.0.39\webapps\manager
24-Jan-2017 16:12:16.959 INFO [localhost-startStop-1] org.apache.catalina.startup.HostConfig.deployDirectory Deployment of web application directory U:\workspace\apache-tomcat-8.0.39\apache-tomcat-8.0.39\webapps\manager has finished in 121 ms
24-Jan-2017 16:12:16.960 INFO [localhost-startStop-1] org.apache.catalina.startup.HostConfig.deployDirectory Deploying web application directory U:\workspace\apache-tomcat-8.0.39\apache-tomcat-8.0.39\webapps\ROOT
24-Jan-2017 16:12:17.025 INFO [localhost-startStop-1] org.apache.catalina.startup.HostConfig.deployDirectory Deployment of web application directory U:\workspace\apache-tomcat-8.0.39\apache-tomcat-8.0.39\webapps\ROOT has finished in 64 ms
24-Jan-2017 16:12:17.034 INFO [main] org.apache.coyote.AbstractProtocol.start Starting ProtocolHandler ["http-nio-8080"]
24-Jan-2017 16:12:17.058 INFO [main] org.apache.coyote.AbstractProtocol.start Starting ProtocolHandler ["ajp-nio-8009"]
24-Jan-2017 16:12:17.061 INFO [main] org.apache.catalina.startup.Catalina.start Server startup in 3900 ms
24-Jan-2017 16:13:57.819 INFO [ContainerBackgroundProcessor[StandardEngine[Catalina]]] org.apache.catalina.startup.HostConfig.reload Reloading context []
24-Jan-2017 16:13:57.820 INFO [ContainerBackgroundProcessor[StandardEngine[Catalina]]] org.apache.catalina.core.StandardContext.reload Reloading Context with name [] has started
24-Jan-2017 16:13:58.223 INFO [ContainerBackgroundProcessor[StandardEngine[Catalina]]] org.apache.catalina.core.StandardContext.reload Reloading Context with name [] is completed
24-Jan-2017 16:13:58.229 INFO [ContainerBackgroundProcessor[StandardEngine[Catalina]]] org.apache.catalina.startup.HostConfig.reload Reloading context [/AwTP3bis]
24-Jan-2017 16:13:58.229 INFO [ContainerBackgroundProcessor[StandardEngine[Catalina]]] org.apache.catalina.core.StandardContext.reload Reloading Context with name [/AwTP3bis] has started
24-Jan-2017 16:13:58.342 INFO [ContainerBackgroundProcessor[StandardEngine[Catalina]]] org.apache.catalina.core.StandardContext.reload Reloading Context with name [/AwTP3bis] is completed
24-Jan-2017 16:13:58.350 INFO [ContainerBackgroundProcessor[StandardEngine[Catalina]]] org.apache.catalina.startup.HostConfig.reload Reloading context [/examples]
24-Jan-2017 16:13:58.350 INFO [ContainerBackgroundProcessor[StandardEngine[Catalina]]] org.apache.catalina.core.StandardContext.reload Reloading Context with name [/examples] has started
24-Jan-2017 16:14:00.027 INFO [ContainerBackgroundProcessor[StandardEngine[Catalina]]] org.apache.catalina.core.StandardContext.reload Reloading Context with name [/examples] is completed
24-Jan-2017 16:14:00.035 INFO [ContainerBackgroundProcessor[StandardEngine[Catalina]]] org.apache.catalina.startup.HostConfig.reload Reloading context [/host-manager]
24-Jan-2017 16:14:00.035 INFO [ContainerBackgroundProcessor[StandardEngine[Catalina]]] org.apache.catalina.core.StandardContext.reload Reloading Context with name [/host-manager] has started
24-Jan-2017 16:14:00.125 INFO [ContainerBackgroundProcessor[StandardEngine[Catalina]]] org.apache.catalina.core.StandardContext.reload Reloading Context with name [/host-manager] is completed
24-Jan-2017 16:14:00.133 INFO [ContainerBackgroundProcessor[StandardEngine[Catalina]]] org.apache.catalina.startup.HostConfig.reload Reloading context [/manager]
24-Jan-2017 16:14:00.133 INFO [ContainerBackgroundProcessor[StandardEngine[Catalina]]] org.apache.catalina.core.StandardContext.reload Reloading Context with name [/manager] has started
24-Jan-2017 16:14:00.218 INFO [ContainerBackgroundProcessor[StandardEngine[Catalina]]] org.apache.catalina.core.StandardContext.reload Reloading Context with name [/manager] is completed
24-Jan-2017 16:14:00.224 INFO [ContainerBackgroundProcessor[StandardEngine[Catalina]]] org.apache.catalina.startup.HostConfig.reload Reloading context [/docs]
24-Jan-2017 16:14:00.225 INFO [ContainerBackgroundProcessor[StandardEngine[Catalina]]] org.apache.catalina.core.StandardContext.reload Reloading Context with name [/docs] has started
24-Jan-2017 16:14:00.288 INFO [ContainerBackgroundProcessor[StandardEngine[Catalina]]] org.apache.catalina.core.StandardContext.reload Reloading Context with name [/docs] is completed
24-Jan-2017 16:16:41.815 INFO [ContainerBackgroundProcessor[StandardEngine[Catalina]]] org.apache.catalina.startup.HostConfig.undeploy Undeploying context [/AwTP3bis]
24-Jan-2017 16:16:42.075 INFO [localhost-startStop-2] org.apache.catalina.startup.HostConfig.deployWAR Deploying web application archive U:\workspace\apache-tomcat-8.0.39\apache-tomcat-8.0.39\webapps\AwTP3bis.war
24-Jan-2017 16:16:42.327 INFO [localhost-startStop-2] org.apache.catalina.startup.HostConfig.deployWAR Deployment of web application archive U:\workspace\apache-tomcat-8.0.39\apache-tomcat-8.0.39\webapps\AwTP3bis.war has finished in 251 ms
24-Jan-2017 16:16:50.861 INFO [main] org.apache.catalina.core.StandardServer.await A valid shutdown command was received via the shutdown port. Stopping the Server instance.
24-Jan-2017 16:16:50.861 INFO [main] org.apache.coyote.AbstractProtocol.pause Pausing ProtocolHandler ["http-nio-8080"]
24-Jan-2017 16:16:50.915 INFO [main] org.apache.coyote.AbstractProtocol.pause Pausing ProtocolHandler ["ajp-nio-8009"]
24-Jan-2017 16:16:50.966 INFO [main] org.apache.catalina.core.StandardService.stopInternal Stopping service Catalina
24-Jan-2017 16:16:51.015 INFO [main] org.apache.coyote.AbstractProtocol.stop Stopping ProtocolHandler ["http-nio-8080"]
24-Jan-2017 16:16:51.020 INFO [main] org.apache.coyote.AbstractProtocol.stop Stopping ProtocolHandler ["ajp-nio-8009"]
24-Jan-2017 16:16:51.021 INFO [main] org.apache.coyote.AbstractProtocol.destroy Destroying ProtocolHandler ["http-nio-8080"]
24-Jan-2017 16:16:51.022 INFO [main] org.apache.coyote.AbstractProtocol.destroy Destroying ProtocolHandler ["ajp-nio-8009"]
24-Jan-2017 16:16:54.503 INFO [main] org.apache.catalina.startup.VersionLoggerListener.log Server version:        Apache Tomcat/8.0.39
24-Jan-2017 16:16:54.506 INFO [main] org.apache.catalina.startup.VersionLoggerListener.log Server built:          Nov 9 2016 08:48:39 UTC
24-Jan-2017 16:16:54.506 INFO [main] org.apache.catalina.startup.VersionLoggerListener.log Server number:         8.0.39.0
24-Jan-2017 16:16:54.507 INFO [main] org.apache.catalina.startup.VersionLoggerListener.log OS Name:               Windows 7
24-Jan-2017 16:16:54.507 INFO [main] org.apache.catalina.startup.VersionLoggerListener.log OS Version:            6.1
24-Jan-2017 16:16:54.507 INFO [main] org.apache.catalina.startup.VersionLoggerListener.log Architecture:          amd64
24-Jan-2017 16:16:54.507 INFO [main] org.apache.catalina.startup.VersionLoggerListener.log Java Home:             C:\Program Files\Java\jdk1.8.0_66\jre
24-Jan-2017 16:16:54.507 INFO [main] org.apache.catalina.startup.VersionLoggerListener.log JVM Version:           1.8.0_66-b18
24-Jan-2017 16:16:54.507 INFO [main] org.apache.catalina.startup.VersionLoggerListener.log JVM Vendor:            Oracle Corporation
24-Jan-2017 16:16:54.508 INFO [main] org.apache.catalina.startup.VersionLoggerListener.log CATALINA_BASE:         U:\workspace\apache-tomcat-8.0.39\apache-tomcat-8.0.39
24-Jan-2017 16:16:54.508 INFO [main] org.apache.catalina.startup.VersionLoggerListener.log CATALINA_HOME:         U:\workspace\apache-tomcat-8.0.39\apache-tomcat-8.0.39
24-Jan-2017 16:16:54.508 INFO [main] org.apache.catalina.startup.VersionLoggerListener.log Command line argument: -Djdk.tls.ephemeralDHKeySize=2048
24-Jan-2017 16:16:54.509 INFO [main] org.apache.catalina.startup.VersionLoggerListener.log Command line argument: -Djava.protocol.handler.pkgs=org.apache.catalina.webresources
24-Jan-2017 16:16:54.510 INFO [main] org.apache.catalina.startup.VersionLoggerListener.log Command line argument: -Djava.util.logging.config.file=U:\workspace\apache-tomcat-8.0.39\apache-tomcat-8.0.39\conf\logging.properties
24-Jan-2017 16:16:54.511 INFO [main] org.apache.catalina.startup.VersionLoggerListener.log Command line argument: -Djava.util.logging.manager=org.apache.juli.ClassLoaderLogManager
24-Jan-2017 16:16:54.513 INFO [main] org.apache.catalina.startup.VersionLoggerListener.log Command line argument: -Djava.endorsed.dirs=U:\workspace\apache-tomcat-8.0.39\apache-tomcat-8.0.39\endorsed
24-Jan-2017 16:16:54.514 INFO [main] org.apache.catalina.startup.VersionLoggerListener.log Command line argument: -Dcatalina.base=U:\workspace\apache-tomcat-8.0.39\apache-tomcat-8.0.39
24-Jan-2017 16:16:54.515 INFO [main] org.apache.catalina.startup.VersionLoggerListener.log Command line argument: -Dcatalina.home=U:\workspace\apache-tomcat-8.0.39\apache-tomcat-8.0.39
24-Jan-2017 16:16:54.516 INFO [main] org.apache.catalina.startup.VersionLoggerListener.log Command line argument: -Djava.io.tmpdir=U:\workspace\apache-tomcat-8.0.39\apache-tomcat-8.0.39\temp
24-Jan-2017 16:16:54.518 INFO [main] org.apache.catalina.core.AprLifecycleListener.lifecycleEvent The APR based Apache Tomcat Native library which allows optimal performance in production environments was not found on the java.library.path: C:\Program Files\Java\jdk1.8.0_66\jre\bin;C:\Windows\Sun\Java\bin;C:\Windows\system32;C:\Windows;C:\Program Files\Python35\Scripts\;C:\Program Files\Python35\;C:\ProgramData\Oracle\Java\javapath;C:\Windows\system32;C:\Windows;C:\Windows\System32\Wbem;C:\Windows\System32\WindowsPowerShell\v1.0\;C:\Program Files\Intel\DMIX;c:\Program Files (x86)\Microsoft SQL Server\100\Tools\Binn\;c:\Program Files\Microsoft SQL Server\100\Tools\Binn\;c:\Program Files\Microsoft SQL Server\100\DTS\Binn\;C:\Program Files (x86)\Intel\OpenCL SDK\2.0\bin\x86;C:\Program Files (x86)\Intel\OpenCL SDK\2.0\bin\x64;C:\Program Files\TortoiseSVN\bin;C:\Program Files\TortoiseGit\bin;C:\Program Files (x86)\Intel\OpenCL SDK\2.0\bin\x86;C:\Program Files (x86)\Intel\OpenCL SDK\2.0\bin\x64;.
24-Jan-2017 16:16:54.755 INFO [main] org.apache.coyote.AbstractProtocol.init Initializing ProtocolHandler ["http-nio-8080"]
24-Jan-2017 16:16:54.839 INFO [main] org.apache.tomcat.util.net.NioSelectorPool.getSharedSelector Using a shared selector for servlet write/read
24-Jan-2017 16:16:54.847 INFO [main] org.apache.coyote.AbstractProtocol.init Initializing ProtocolHandler ["ajp-nio-8009"]
24-Jan-2017 16:16:54.852 INFO [main] org.apache.tomcat.util.net.NioSelectorPool.getSharedSelector Using a shared selector for servlet write/read
24-Jan-2017 16:16:54.853 INFO [main] org.apache.catalina.startup.Catalina.load Initialization processed in 1157 ms
24-Jan-2017 16:16:54.955 INFO [main] org.apache.catalina.core.StandardService.startInternal Starting service Catalina
24-Jan-2017 16:16:54.957 INFO [main] org.apache.catalina.core.StandardEngine.startInternal Starting Servlet Engine: Apache Tomcat/8.0.39
24-Jan-2017 16:16:55.053 INFO [localhost-startStop-1] org.apache.catalina.startup.HostConfig.deployWAR Deploying web application archive U:\workspace\apache-tomcat-8.0.39\apache-tomcat-8.0.39\webapps\AwTP3bis.war
24-Jan-2017 16:16:56.147 INFO [localhost-startStop-1] org.apache.catalina.startup.HostConfig.deployWAR Deployment of web application archive U:\workspace\apache-tomcat-8.0.39\apache-tomcat-8.0.39\webapps\AwTP3bis.war has finished in 1,093 ms
24-Jan-2017 16:16:56.157 INFO [localhost-startStop-1] org.apache.catalina.startup.HostConfig.deployDirectory Deploying web application directory U:\workspace\apache-tomcat-8.0.39\apache-tomcat-8.0.39\webapps\docs
24-Jan-2017 16:16:56.286 INFO [localhost-startStop-1] org.apache.catalina.startup.HostConfig.deployDirectory Deployment of web application directory U:\workspace\apache-tomcat-8.0.39\apache-tomcat-8.0.39\webapps\docs has finished in 129 ms
24-Jan-2017 16:16:56.287 INFO [localhost-startStop-1] org.apache.catalina.startup.HostConfig.deployDirectory Deploying web application directory U:\workspace\apache-tomcat-8.0.39\apache-tomcat-8.0.39\webapps\examples
24-Jan-2017 16:16:58.845 INFO [localhost-startStop-1] org.apache.catalina.startup.HostConfig.deployDirectory Deployment of web application directory U:\workspace\apache-tomcat-8.0.39\apache-tomcat-8.0.39\webapps\examples has finished in 2,557 ms
24-Jan-2017 16:16:58.846 INFO [localhost-startStop-1] org.apache.catalina.startup.HostConfig.deployDirectory Deploying web application directory U:\workspace\apache-tomcat-8.0.39\apache-tomcat-8.0.39\webapps\host-manager
24-Jan-2017 16:16:58.962 INFO [localhost-startStop-1] org.apache.catalina.startup.HostConfig.deployDirectory Deployment of web application directory U:\workspace\apache-tomcat-8.0.39\apache-tomcat-8.0.39\webapps\host-manager has finished in 116 ms
24-Jan-2017 16:16:58.965 INFO [localhost-startStop-1] org.apache.catalina.startup.HostConfig.deployDirectory Deploying web application directory U:\workspace\apache-tomcat-8.0.39\apache-tomcat-8.0.39\webapps\manager
24-Jan-2017 16:16:59.092 INFO [localhost-startStop-1] org.apache.catalina.startup.HostConfig.deployDirectory Deployment of web application directory U:\workspace\apache-tomcat-8.0.39\apache-tomcat-8.0.39\webapps\manager has finished in 127 ms
24-Jan-2017 16:16:59.095 INFO [localhost-startStop-1] org.apache.catalina.startup.HostConfig.deployDirectory Deploying web application directory U:\workspace\apache-tomcat-8.0.39\apache-tomcat-8.0.39\webapps\ROOT
24-Jan-2017 16:16:59.166 INFO [localhost-startStop-1] org.apache.catalina.startup.HostConfig.deployDirectory Deployment of web application directory U:\workspace\apache-tomcat-8.0.39\apache-tomcat-8.0.39\webapps\ROOT has finished in 71 ms
24-Jan-2017 16:16:59.175 INFO [main] org.apache.coyote.AbstractProtocol.start Starting ProtocolHandler ["http-nio-8080"]
24-Jan-2017 16:16:59.200 INFO [main] org.apache.coyote.AbstractProtocol.start Starting ProtocolHandler ["ajp-nio-8009"]
24-Jan-2017 16:16:59.203 INFO [main] org.apache.catalina.startup.Catalina.start Server startup in 4347 ms
24-Jan-2017 16:17:02.667 INFO [main] org.apache.catalina.core.StandardServer.await A valid shutdown command was received via the shutdown port. Stopping the Server instance.
24-Jan-2017 16:17:02.670 INFO [main] org.apache.coyote.AbstractProtocol.pause Pausing ProtocolHandler ["http-nio-8080"]
24-Jan-2017 16:17:02.724 INFO [main] org.apache.coyote.AbstractProtocol.pause Pausing ProtocolHandler ["ajp-nio-8009"]
24-Jan-2017 16:17:02.776 INFO [main] org.apache.catalina.core.StandardService.stopInternal Stopping service Catalina
24-Jan-2017 16:17:02.824 INFO [main] org.apache.coyote.AbstractProtocol.stop Stopping ProtocolHandler ["http-nio-8080"]
24-Jan-2017 16:17:02.828 INFO [main] org.apache.coyote.AbstractProtocol.stop Stopping ProtocolHandler ["ajp-nio-8009"]
24-Jan-2017 16:17:02.831 INFO [main] org.apache.coyote.AbstractProtocol.destroy Destroying ProtocolHandler ["http-nio-8080"]
24-Jan-2017 16:17:02.833 INFO [main] org.apache.coyote.AbstractProtocol.destroy Destroying ProtocolHandler ["ajp-nio-8009"]
24-Jan-2017 16:17:11.528 INFO [main] org.apache.catalina.startup.VersionLoggerListener.log Server version:        Apache Tomcat/8.0.39
24-Jan-2017 16:17:11.531 INFO [main] org.apache.catalina.startup.VersionLoggerListener.log Server built:          Nov 9 2016 08:48:39 UTC
24-Jan-2017 16:17:11.531 INFO [main] org.apache.catalina.startup.VersionLoggerListener.log Server number:         8.0.39.0
24-Jan-2017 16:17:11.531 INFO [main] org.apache.catalina.startup.VersionLoggerListener.log OS Name:               Windows 7
24-Jan-2017 16:17:11.532 INFO [main] org.apache.catalina.startup.VersionLoggerListener.log OS Version:            6.1
24-Jan-2017 16:17:11.532 INFO [main] org.apache.catalina.startup.VersionLoggerListener.log Architecture:          amd64
24-Jan-2017 16:17:11.532 INFO [main] org.apache.catalina.startup.VersionLoggerListener.log Java Home:             C:\Program Files\Java\jdk1.8.0_66\jre
24-Jan-2017 16:17:11.532 INFO [main] org.apache.catalina.startup.VersionLoggerListener.log JVM Version:           1.8.0_66-b18
24-Jan-2017 16:17:11.532 INFO [main] org.apache.catalina.startup.VersionLoggerListener.log JVM Vendor:            Oracle Corporation
24-Jan-2017 16:17:11.533 INFO [main] org.apache.catalina.startup.VersionLoggerListener.log CATALINA_BASE:         U:\workspace\apache-tomcat-8.0.39\apache-tomcat-8.0.39
24-Jan-2017 16:17:11.533 INFO [main] org.apache.catalina.startup.VersionLoggerListener.log CATALINA_HOME:         U:\workspace\apache-tomcat-8.0.39\apache-tomcat-8.0.39
24-Jan-2017 16:17:11.533 INFO [main] org.apache.catalina.startup.VersionLoggerListener.log Command line argument: -Djdk.tls.ephemeralDHKeySize=2048
24-Jan-2017 16:17:11.535 INFO [main] org.apache.catalina.startup.VersionLoggerListener.log Command line argument: -Djava.protocol.handler.pkgs=org.apache.catalina.webresources
24-Jan-2017 16:17:11.537 INFO [main] org.apache.catalina.startup.VersionLoggerListener.log Command line argument: -Djava.util.logging.config.file=U:\workspace\apache-tomcat-8.0.39\apache-tomcat-8.0.39\conf\logging.properties
24-Jan-2017 16:17:11.538 INFO [main] org.apache.catalina.startup.VersionLoggerListener.log Command line argument: -Djava.util.logging.manager=org.apache.juli.ClassLoaderLogManager
24-Jan-2017 16:17:11.540 INFO [main] org.apache.catalina.startup.VersionLoggerListener.log Command line argument: -Djava.endorsed.dirs=U:\workspace\apache-tomcat-8.0.39\apache-tomcat-8.0.39\endorsed
24-Jan-2017 16:17:11.541 INFO [main] org.apache.catalina.startup.VersionLoggerListener.log Command line argument: -Dcatalina.base=U:\workspace\apache-tomcat-8.0.39\apache-tomcat-8.0.39
24-Jan-2017 16:17:11.542 INFO [main] org.apache.catalina.startup.VersionLoggerListener.log Command line argument: -Dcatalina.home=U:\workspace\apache-tomcat-8.0.39\apache-tomcat-8.0.39
24-Jan-2017 16:17:11.545 INFO [main] org.apache.catalina.startup.VersionLoggerListener.log Command line argument: -Djava.io.tmpdir=U:\workspace\apache-tomcat-8.0.39\apache-tomcat-8.0.39\temp
24-Jan-2017 16:17:11.547 INFO [main] org.apache.catalina.core.AprLifecycleListener.lifecycleEvent The APR based Apache Tomcat Native library which allows optimal performance in production environments was not found on the java.library.path: C:\Program Files\Java\jdk1.8.0_66\jre\bin;C:\Windows\Sun\Java\bin;C:\Windows\system32;C:\Windows;C:\Program Files\Python35\Scripts\;C:\Program Files\Python35\;C:\ProgramData\Oracle\Java\javapath;C:\Windows\system32;C:\Windows;C:\Windows\System32\Wbem;C:\Windows\System32\WindowsPowerShell\v1.0\;C:\Program Files\Intel\DMIX;c:\Program Files (x86)\Microsoft SQL Server\100\Tools\Binn\;c:\Program Files\Microsoft SQL Server\100\Tools\Binn\;c:\Program Files\Microsoft SQL Server\100\DTS\Binn\;C:\Program Files (x86)\Intel\OpenCL SDK\2.0\bin\x86;C:\Program Files (x86)\Intel\OpenCL SDK\2.0\bin\x64;C:\Program Files\TortoiseSVN\bin;C:\Program Files\TortoiseGit\bin;C:\Program Files (x86)\Intel\OpenCL SDK\2.0\bin\x86;C:\Program Files (x86)\Intel\OpenCL SDK\2.0\bin\x64;.
24-Jan-2017 16:17:11.794 INFO [main] org.apache.coyote.AbstractProtocol.init Initializing ProtocolHandler ["http-nio-8080"]
24-Jan-2017 16:17:11.888 INFO [main] org.apache.tomcat.util.net.NioSelectorPool.getSharedSelector Using a shared selector for servlet write/read
24-Jan-2017 16:17:11.895 INFO [main] org.apache.coyote.AbstractProtocol.init Initializing ProtocolHandler ["ajp-nio-8009"]
24-Jan-2017 16:17:11.900 INFO [main] org.apache.tomcat.util.net.NioSelectorPool.getSharedSelector Using a shared selector for servlet write/read
24-Jan-2017 16:17:11.902 INFO [main] org.apache.catalina.startup.Catalina.load Initialization processed in 1129 ms
24-Jan-2017 16:17:11.986 INFO [main] org.apache.catalina.core.StandardService.startInternal Starting service Catalina
24-Jan-2017 16:17:11.986 INFO [main] org.apache.catalina.core.StandardEngine.startInternal Starting Servlet Engine: Apache Tomcat/8.0.39
24-Jan-2017 16:17:12.057 INFO [localhost-startStop-1] org.apache.catalina.startup.HostConfig.deployWAR Deploying web application archive U:\workspace\apache-tomcat-8.0.39\apache-tomcat-8.0.39\webapps\AwTP3bis.war
24-Jan-2017 16:17:13.331 INFO [localhost-startStop-1] org.apache.catalina.startup.HostConfig.deployWAR Deployment of web application archive U:\workspace\apache-tomcat-8.0.39\apache-tomcat-8.0.39\webapps\AwTP3bis.war has finished in 1,273 ms
24-Jan-2017 16:17:13.339 INFO [localhost-startStop-1] org.apache.catalina.startup.HostConfig.deployDirectory Deploying web application directory U:\workspace\apache-tomcat-8.0.39\apache-tomcat-8.0.39\webapps\docs
24-Jan-2017 16:17:13.457 INFO [localhost-startStop-1] org.apache.catalina.startup.HostConfig.deployDirectory Deployment of web application directory U:\workspace\apache-tomcat-8.0.39\apache-tomcat-8.0.39\webapps\docs has finished in 118 ms
24-Jan-2017 16:17:13.458 INFO [localhost-startStop-1] org.apache.catalina.startup.HostConfig.deployDirectory Deploying web application directory U:\workspace\apache-tomcat-8.0.39\apache-tomcat-8.0.39\webapps\examples
24-Jan-2017 16:17:14.941 INFO [localhost-startStop-1] org.apache.catalina.startup.HostConfig.deployDirectory Deployment of web application directory U:\workspace\apache-tomcat-8.0.39\apache-tomcat-8.0.39\webapps\examples has finished in 1,483 ms
24-Jan-2017 16:17:14.943 INFO [localhost-startStop-1] org.apache.catalina.startup.HostConfig.deployDirectory Deploying web application directory U:\workspace\apache-tomcat-8.0.39\apache-tomcat-8.0.39\webapps\host-manager
24-Jan-2017 16:17:15.048 INFO [localhost-startStop-1] org.apache.catalina.startup.HostConfig.deployDirectory Deployment of web application directory U:\workspace\apache-tomcat-8.0.39\apache-tomcat-8.0.39\webapps\host-manager has finished in 105 ms
24-Jan-2017 16:17:15.050 INFO [localhost-startStop-1] org.apache.catalina.startup.HostConfig.deployDirectory Deploying web application directory U:\workspace\apache-tomcat-8.0.39\apache-tomcat-8.0.39\webapps\manager
24-Jan-2017 16:17:15.139 INFO [localhost-startStop-1] org.apache.catalina.startup.HostConfig.deployDirectory Deployment of web application directory U:\workspace\apache-tomcat-8.0.39\apache-tomcat-8.0.39\webapps\manager has finished in 90 ms
24-Jan-2017 16:17:15.144 INFO [localhost-startStop-1] org.apache.catalina.startup.HostConfig.deployDirectory Deploying web application directory U:\workspace\apache-tomcat-8.0.39\apache-tomcat-8.0.39\webapps\ROOT
24-Jan-2017 16:17:15.204 INFO [localhost-startStop-1] org.apache.catalina.startup.HostConfig.deployDirectory Deployment of web application directory U:\workspace\apache-tomcat-8.0.39\apache-tomcat-8.0.39\webapps\ROOT has finished in 61 ms
24-Jan-2017 16:17:15.213 INFO [main] org.apache.coyote.AbstractProtocol.start Starting ProtocolHandler ["http-nio-8080"]
24-Jan-2017 16:17:15.236 INFO [main] org.apache.coyote.AbstractProtocol.start Starting ProtocolHandler ["ajp-nio-8009"]
24-Jan-2017 16:17:15.240 INFO [main] org.apache.catalina.startup.Catalina.start Server startup in 3335 ms
24-Jan-2017 16:20:01.544 SEVERE [main] org.apache.tomcat.util.digester.Digester.fatalError Parse Fatal Error at line 125 column 21: Open quote is expected for attribute "docBase" associated with an  element type  "Context".
 org.xml.sax.SAXParseException; systemId: file:/U:/workspace/apache-tomcat-8.0.39/apache-tomcat-8.0.39/conf/server.xml; lineNumber: 125; columnNumber: 21; Open quote is expected for attribute "docBase" associated with an  element type  "Context".
	at com.sun.org.apache.xerces.internal.util.ErrorHandlerWrapper.createSAXParseException(ErrorHandlerWrapper.java:203)
	at com.sun.org.apache.xerces.internal.util.ErrorHandlerWrapper.fatalError(ErrorHandlerWrapper.java:177)
	at com.sun.org.apache.xerces.internal.impl.XMLErrorReporter.reportError(XMLErrorReporter.java:400)
	at com.sun.org.apache.xerces.internal.impl.XMLErrorReporter.reportError(XMLErrorReporter.java:327)
	at com.sun.org.apache.xerces.internal.impl.XMLScanner.reportFatalError(XMLScanner.java:1437)
	at com.sun.org.apache.xerces.internal.impl.XMLScanner.scanAttributeValue(XMLScanner.java:830)
	at com.sun.org.apache.xerces.internal.impl.XMLDocumentFragmentScannerImpl.scanAttribute(XMLDocumentFragmentScannerImpl.java:1548)
	at com.sun.org.apache.xerces.internal.impl.XMLDocumentFragmentScannerImpl.scanStartElement(XMLDocumentFragmentScannerImpl.java:1320)
	at com.sun.org.apache.xerces.internal.impl.XMLDocumentFragmentScannerImpl$FragmentContentDriver.next(XMLDocumentFragmentScannerImpl.java:2787)
	at com.sun.org.apache.xerces.internal.impl.XMLDocumentScannerImpl.next(XMLDocumentScannerImpl.java:606)
	at com.sun.org.apache.xerces.internal.impl.XMLDocumentFragmentScannerImpl.scanDocument(XMLDocumentFragmentScannerImpl.java:510)
	at com.sun.org.apache.xerces.internal.parsers.XML11Configuration.parse(XML11Configuration.java:848)
	at com.sun.org.apache.xerces.internal.parsers.XML11Configuration.parse(XML11Configuration.java:777)
	at com.sun.org.apache.xerces.internal.parsers.XMLParser.parse(XMLParser.java:141)
	at com.sun.org.apache.xerces.internal.parsers.AbstractSAXParser.parse(AbstractSAXParser.java:1213)
	at com.sun.org.apache.xerces.internal.jaxp.SAXParserImpl$JAXPSAXParser.parse(SAXParserImpl.java:643)
	at org.apache.tomcat.util.digester.Digester.parse(Digester.java:1448)
	at org.apache.catalina.startup.Catalina.stopServer(Catalina.java:432)
	at sun.reflect.NativeMethodAccessorImpl.invoke0(Native Method)
	at sun.reflect.NativeMethodAccessorImpl.invoke(NativeMethodAccessorImpl.java:62)
	at sun.reflect.DelegatingMethodAccessorImpl.invoke(DelegatingMethodAccessorImpl.java:43)
	at java.lang.reflect.Method.invoke(Method.java:497)
	at org.apache.catalina.startup.Bootstrap.stopServer(Bootstrap.java:400)
	at org.apache.catalina.startup.Bootstrap.main(Bootstrap.java:487)

24-Jan-2017 16:20:01.575 SEVERE [main] org.apache.catalina.startup.Catalina.stopServer Catalina.stop: 
 org.xml.sax.SAXParseException; systemId: file:/U:/workspace/apache-tomcat-8.0.39/apache-tomcat-8.0.39/conf/server.xml; lineNumber: 125; columnNumber: 21; Open quote is expected for attribute "docBase" associated with an  element type  "Context".
	at com.sun.org.apache.xerces.internal.parsers.AbstractSAXParser.parse(AbstractSAXParser.java:1239)
	at com.sun.org.apache.xerces.internal.jaxp.SAXParserImpl$JAXPSAXParser.parse(SAXParserImpl.java:643)
	at org.apache.tomcat.util.digester.Digester.parse(Digester.java:1448)
	at org.apache.catalina.startup.Catalina.stopServer(Catalina.java:432)
	at sun.reflect.NativeMethodAccessorImpl.invoke0(Native Method)
	at sun.reflect.NativeMethodAccessorImpl.invoke(NativeMethodAccessorImpl.java:62)
	at sun.reflect.DelegatingMethodAccessorImpl.invoke(DelegatingMethodAccessorImpl.java:43)
	at java.lang.reflect.Method.invoke(Method.java:497)
	at org.apache.catalina.startup.Bootstrap.stopServer(Bootstrap.java:400)
	at org.apache.catalina.startup.Bootstrap.main(Bootstrap.java:487)

24-Jan-2017 16:20:27.746 SEVERE [main] org.apache.tomcat.util.digester.Digester.fatalError Parse Fatal Error at line 125 column 21: Open quote is expected for attribute "docBase" associated with an  element type  "Context".
 org.xml.sax.SAXParseException; systemId: file:/U:/workspace/apache-tomcat-8.0.39/apache-tomcat-8.0.39/conf/server.xml; lineNumber: 125; columnNumber: 21; Open quote is expected for attribute "docBase" associated with an  element type  "Context".
	at com.sun.org.apache.xerces.internal.util.ErrorHandlerWrapper.createSAXParseException(ErrorHandlerWrapper.java:203)
	at com.sun.org.apache.xerces.internal.util.ErrorHandlerWrapper.fatalError(ErrorHandlerWrapper.java:177)
	at com.sun.org.apache.xerces.internal.impl.XMLErrorReporter.reportError(XMLErrorReporter.java:400)
	at com.sun.org.apache.xerces.internal.impl.XMLErrorReporter.reportError(XMLErrorReporter.java:327)
	at com.sun.org.apache.xerces.internal.impl.XMLScanner.reportFatalError(XMLScanner.java:1437)
	at com.sun.org.apache.xerces.internal.impl.XMLScanner.scanAttributeValue(XMLScanner.java:830)
	at com.sun.org.apache.xerces.internal.impl.XMLDocumentFragmentScannerImpl.scanAttribute(XMLDocumentFragmentScannerImpl.java:1548)
	at com.sun.org.apache.xerces.internal.impl.XMLDocumentFragmentScannerImpl.scanStartElement(XMLDocumentFragmentScannerImpl.java:1320)
	at com.sun.org.apache.xerces.internal.impl.XMLDocumentFragmentScannerImpl$FragmentContentDriver.next(XMLDocumentFragmentScannerImpl.java:2787)
	at com.sun.org.apache.xerces.internal.impl.XMLDocumentScannerImpl.next(XMLDocumentScannerImpl.java:606)
	at com.sun.org.apache.xerces.internal.impl.XMLDocumentFragmentScannerImpl.scanDocument(XMLDocumentFragmentScannerImpl.java:510)
	at com.sun.org.apache.xerces.internal.parsers.XML11Configuration.parse(XML11Configuration.java:848)
	at com.sun.org.apache.xerces.internal.parsers.XML11Configuration.parse(XML11Configuration.java:777)
	at com.sun.org.apache.xerces.internal.parsers.XMLParser.parse(XMLParser.java:141)
	at com.sun.org.apache.xerces.internal.parsers.AbstractSAXParser.parse(AbstractSAXParser.java:1213)
	at com.sun.org.apache.xerces.internal.jaxp.SAXParserImpl$JAXPSAXParser.parse(SAXParserImpl.java:643)
	at org.apache.tomcat.util.digester.Digester.parse(Digester.java:1448)
	at org.apache.catalina.startup.Catalina.load(Catalina.java:552)
	at org.apache.catalina.startup.Catalina.load(Catalina.java:603)
	at sun.reflect.NativeMethodAccessorImpl.invoke0(Native Method)
	at sun.reflect.NativeMethodAccessorImpl.invoke(NativeMethodAccessorImpl.java:62)
	at sun.reflect.DelegatingMethodAccessorImpl.invoke(DelegatingMethodAccessorImpl.java:43)
	at java.lang.reflect.Method.invoke(Method.java:497)
	at org.apache.catalina.startup.Bootstrap.load(Bootstrap.java:310)
	at org.apache.catalina.startup.Bootstrap.main(Bootstrap.java:484)

24-Jan-2017 16:20:27.757 WARNING [main] org.apache.catalina.startup.Catalina.load Catalina.start using conf/server.xml: Open quote is expected for attribute "docBase" associated with an  element type  "Context".
24-Jan-2017 16:20:27.765 SEVERE [main] org.apache.tomcat.util.digester.Digester.fatalError Parse Fatal Error at line 125 column 21: Open quote is expected for attribute "docBase" associated with an  element type  "Context".
 org.xml.sax.SAXParseException; systemId: file:/U:/workspace/apache-tomcat-8.0.39/apache-tomcat-8.0.39/conf/server.xml; lineNumber: 125; columnNumber: 21; Open quote is expected for attribute "docBase" associated with an  element type  "Context".
	at com.sun.org.apache.xerces.internal.util.ErrorHandlerWrapper.createSAXParseException(ErrorHandlerWrapper.java:203)
	at com.sun.org.apache.xerces.internal.util.ErrorHandlerWrapper.fatalError(ErrorHandlerWrapper.java:177)
	at com.sun.org.apache.xerces.internal.impl.XMLErrorReporter.reportError(XMLErrorReporter.java:400)
	at com.sun.org.apache.xerces.internal.impl.XMLErrorReporter.reportError(XMLErrorReporter.java:327)
	at com.sun.org.apache.xerces.internal.impl.XMLScanner.reportFatalError(XMLScanner.java:1437)
	at com.sun.org.apache.xerces.internal.impl.XMLScanner.scanAttributeValue(XMLScanner.java:830)
	at com.sun.org.apache.xerces.internal.impl.XMLDocumentFragmentScannerImpl.scanAttribute(XMLDocumentFragmentScannerImpl.java:1548)
	at com.sun.org.apache.xerces.internal.impl.XMLDocumentFragmentScannerImpl.scanStartElement(XMLDocumentFragmentScannerImpl.java:1320)
	at com.sun.org.apache.xerces.internal.impl.XMLDocumentFragmentScannerImpl$FragmentContentDriver.next(XMLDocumentFragmentScannerImpl.java:2787)
	at com.sun.org.apache.xerces.internal.impl.XMLDocumentScannerImpl.next(XMLDocumentScannerImpl.java:606)
	at com.sun.org.apache.xerces.internal.impl.XMLDocumentFragmentScannerImpl.scanDocument(XMLDocumentFragmentScannerImpl.java:510)
	at com.sun.org.apache.xerces.internal.parsers.XML11Configuration.parse(XML11Configuration.java:848)
	at com.sun.org.apache.xerces.internal.parsers.XML11Configuration.parse(XML11Configuration.java:777)
	at com.sun.org.apache.xerces.internal.parsers.XMLParser.parse(XMLParser.java:141)
	at com.sun.org.apache.xerces.internal.parsers.AbstractSAXParser.parse(AbstractSAXParser.java:1213)
	at com.sun.org.apache.xerces.internal.jaxp.SAXParserImpl$JAXPSAXParser.parse(SAXParserImpl.java:643)
	at org.apache.tomcat.util.digester.Digester.parse(Digester.java:1448)
	at org.apache.catalina.startup.Catalina.load(Catalina.java:552)
	at org.apache.catalina.startup.Catalina.start(Catalina.java:617)
	at sun.reflect.NativeMethodAccessorImpl.invoke0(Native Method)
	at sun.reflect.NativeMethodAccessorImpl.invoke(NativeMethodAccessorImpl.java:62)
	at sun.reflect.DelegatingMethodAccessorImpl.invoke(DelegatingMethodAccessorImpl.java:43)
	at java.lang.reflect.Method.invoke(Method.java:497)
	at org.apache.catalina.startup.Bootstrap.start(Bootstrap.java:351)
	at org.apache.catalina.startup.Bootstrap.main(Bootstrap.java:485)

24-Jan-2017 16:20:27.775 WARNING [1] org.apache.catalina.startup.Catalina.load Catalina.start using conf/server.xml: Open quote is expected for attribute "docBase" associated with an  element type  "Context".
24-Jan-2017 16:22:02.145 SEVERE [main] org.apache.tomcat.util.digester.Digester.fatalError Parse Fatal Error at line 125 column 21: Open quote is expected for attribute "docBase" associated with an  element type  "Context".
 org.xml.sax.SAXParseException; systemId: file:/U:/workspace/apache-tomcat-8.0.39/apache-tomcat-8.0.39/conf/server.xml; lineNumber: 125; columnNumber: 21; Open quote is expected for attribute "docBase" associated with an  element type  "Context".
	at com.sun.org.apache.xerces.internal.util.ErrorHandlerWrapper.createSAXParseException(ErrorHandlerWrapper.java:203)
	at com.sun.org.apache.xerces.internal.util.ErrorHandlerWrapper.fatalError(ErrorHandlerWrapper.java:177)
	at com.sun.org.apache.xerces.internal.impl.XMLErrorReporter.reportError(XMLErrorReporter.java:400)
	at com.sun.org.apache.xerces.internal.impl.XMLErrorReporter.reportError(XMLErrorReporter.java:327)
	at com.sun.org.apache.xerces.internal.impl.XMLScanner.reportFatalError(XMLScanner.java:1437)
	at com.sun.org.apache.xerces.internal.impl.XMLScanner.scanAttributeValue(XMLScanner.java:830)
	at com.sun.org.apache.xerces.internal.impl.XMLDocumentFragmentScannerImpl.scanAttribute(XMLDocumentFragmentScannerImpl.java:1548)
	at com.sun.org.apache.xerces.internal.impl.XMLDocumentFragmentScannerImpl.scanStartElement(XMLDocumentFragmentScannerImpl.java:1320)
	at com.sun.org.apache.xerces.internal.impl.XMLDocumentFragmentScannerImpl$FragmentContentDriver.next(XMLDocumentFragmentScannerImpl.java:2787)
	at com.sun.org.apache.xerces.internal.impl.XMLDocumentScannerImpl.next(XMLDocumentScannerImpl.java:606)
	at com.sun.org.apache.xerces.internal.impl.XMLDocumentFragmentScannerImpl.scanDocument(XMLDocumentFragmentScannerImpl.java:510)
	at com.sun.org.apache.xerces.internal.parsers.XML11Configuration.parse(XML11Configuration.java:848)
	at com.sun.org.apache.xerces.internal.parsers.XML11Configuration.parse(XML11Configuration.java:777)
	at com.sun.org.apache.xerces.internal.parsers.XMLParser.parse(XMLParser.java:141)
	at com.sun.org.apache.xerces.internal.parsers.AbstractSAXParser.parse(AbstractSAXParser.java:1213)
	at com.sun.org.apache.xerces.internal.jaxp.SAXParserImpl$JAXPSAXParser.parse(SAXParserImpl.java:643)
	at org.apache.tomcat.util.digester.Digester.parse(Digester.java:1448)
	at org.apache.catalina.startup.Catalina.stopServer(Catalina.java:432)
	at sun.reflect.NativeMethodAccessorImpl.invoke0(Native Method)
	at sun.reflect.NativeMethodAccessorImpl.invoke(NativeMethodAccessorImpl.java:62)
	at sun.reflect.DelegatingMethodAccessorImpl.invoke(DelegatingMethodAccessorImpl.java:43)
	at java.lang.reflect.Method.invoke(Method.java:497)
	at org.apache.catalina.startup.Bootstrap.stopServer(Bootstrap.java:400)
	at org.apache.catalina.startup.Bootstrap.main(Bootstrap.java:487)

24-Jan-2017 16:22:02.166 SEVERE [main] org.apache.catalina.startup.Catalina.stopServer Catalina.stop: 
 org.xml.sax.SAXParseException; systemId: file:/U:/workspace/apache-tomcat-8.0.39/apache-tomcat-8.0.39/conf/server.xml; lineNumber: 125; columnNumber: 21; Open quote is expected for attribute "docBase" associated with an  element type  "Context".
	at com.sun.org.apache.xerces.internal.parsers.AbstractSAXParser.parse(AbstractSAXParser.java:1239)
	at com.sun.org.apache.xerces.internal.jaxp.SAXParserImpl$JAXPSAXParser.parse(SAXParserImpl.java:643)
	at org.apache.tomcat.util.digester.Digester.parse(Digester.java:1448)
	at org.apache.catalina.startup.Catalina.stopServer(Catalina.java:432)
	at sun.reflect.NativeMethodAccessorImpl.invoke0(Native Method)
	at sun.reflect.NativeMethodAccessorImpl.invoke(NativeMethodAccessorImpl.java:62)
	at sun.reflect.DelegatingMethodAccessorImpl.invoke(DelegatingMethodAccessorImpl.java:43)
	at java.lang.reflect.Method.invoke(Method.java:497)
	at org.apache.catalina.startup.Bootstrap.stopServer(Bootstrap.java:400)
	at org.apache.catalina.startup.Bootstrap.main(Bootstrap.java:487)

24-Jan-2017 16:22:06.140 SEVERE [main] org.apache.tomcat.util.digester.Digester.fatalError Parse Fatal Error at line 125 column 21: Open quote is expected for attribute "docBase" associated with an  element type  "Context".
 org.xml.sax.SAXParseException; systemId: file:/U:/workspace/apache-tomcat-8.0.39/apache-tomcat-8.0.39/conf/server.xml; lineNumber: 125; columnNumber: 21; Open quote is expected for attribute "docBase" associated with an  element type  "Context".
	at com.sun.org.apache.xerces.internal.util.ErrorHandlerWrapper.createSAXParseException(ErrorHandlerWrapper.java:203)
	at com.sun.org.apache.xerces.internal.util.ErrorHandlerWrapper.fatalError(ErrorHandlerWrapper.java:177)
	at com.sun.org.apache.xerces.internal.impl.XMLErrorReporter.reportError(XMLErrorReporter.java:400)
	at com.sun.org.apache.xerces.internal.impl.XMLErrorReporter.reportError(XMLErrorReporter.java:327)
	at com.sun.org.apache.xerces.internal.impl.XMLScanner.reportFatalError(XMLScanner.java:1437)
	at com.sun.org.apache.xerces.internal.impl.XMLScanner.scanAttributeValue(XMLScanner.java:830)
	at com.sun.org.apache.xerces.internal.impl.XMLDocumentFragmentScannerImpl.scanAttribute(XMLDocumentFragmentScannerImpl.java:1548)
	at com.sun.org.apache.xerces.internal.impl.XMLDocumentFragmentScannerImpl.scanStartElement(XMLDocumentFragmentScannerImpl.java:1320)
	at com.sun.org.apache.xerces.internal.impl.XMLDocumentFragmentScannerImpl$FragmentContentDriver.next(XMLDocumentFragmentScannerImpl.java:2787)
	at com.sun.org.apache.xerces.internal.impl.XMLDocumentScannerImpl.next(XMLDocumentScannerImpl.java:606)
	at com.sun.org.apache.xerces.internal.impl.XMLDocumentFragmentScannerImpl.scanDocument(XMLDocumentFragmentScannerImpl.java:510)
	at com.sun.org.apache.xerces.internal.parsers.XML11Configuration.parse(XML11Configuration.java:848)
	at com.sun.org.apache.xerces.internal.parsers.XML11Configuration.parse(XML11Configuration.java:777)
	at com.sun.org.apache.xerces.internal.parsers.XMLParser.parse(XMLParser.java:141)
	at com.sun.org.apache.xerces.internal.parsers.AbstractSAXParser.parse(AbstractSAXParser.java:1213)
	at com.sun.org.apache.xerces.internal.jaxp.SAXParserImpl$JAXPSAXParser.parse(SAXParserImpl.java:643)
	at org.apache.tomcat.util.digester.Digester.parse(Digester.java:1448)
	at org.apache.catalina.startup.Catalina.load(Catalina.java:552)
	at org.apache.catalina.startup.Catalina.load(Catalina.java:603)
	at sun.reflect.NativeMethodAccessorImpl.invoke0(Native Method)
	at sun.reflect.NativeMethodAccessorImpl.invoke(NativeMethodAccessorImpl.java:62)
	at sun.reflect.DelegatingMethodAccessorImpl.invoke(DelegatingMethodAccessorImpl.java:43)
	at java.lang.reflect.Method.invoke(Method.java:497)
	at org.apache.catalina.startup.Bootstrap.load(Bootstrap.java:310)
	at org.apache.catalina.startup.Bootstrap.main(Bootstrap.java:484)

24-Jan-2017 16:22:06.164 WARNING [main] org.apache.catalina.startup.Catalina.load Catalina.start using conf/server.xml: Open quote is expected for attribute "docBase" associated with an  element type  "Context".
24-Jan-2017 16:22:06.176 SEVERE [main] org.apache.tomcat.util.digester.Digester.fatalError Parse Fatal Error at line 125 column 21: Open quote is expected for attribute "docBase" associated with an  element type  "Context".
 org.xml.sax.SAXParseException; systemId: file:/U:/workspace/apache-tomcat-8.0.39/apache-tomcat-8.0.39/conf/server.xml; lineNumber: 125; columnNumber: 21; Open quote is expected for attribute "docBase" associated with an  element type  "Context".
	at com.sun.org.apache.xerces.internal.util.ErrorHandlerWrapper.createSAXParseException(ErrorHandlerWrapper.java:203)
	at com.sun.org.apache.xerces.internal.util.ErrorHandlerWrapper.fatalError(ErrorHandlerWrapper.java:177)
	at com.sun.org.apache.xerces.internal.impl.XMLErrorReporter.reportError(XMLErrorReporter.java:400)
	at com.sun.org.apache.xerces.internal.impl.XMLErrorReporter.reportError(XMLErrorReporter.java:327)
	at com.sun.org.apache.xerces.internal.impl.XMLScanner.reportFatalError(XMLScanner.java:1437)
	at com.sun.org.apache.xerces.internal.impl.XMLScanner.scanAttributeValue(XMLScanner.java:830)
	at com.sun.org.apache.xerces.internal.impl.XMLDocumentFragmentScannerImpl.scanAttribute(XMLDocumentFragmentScannerImpl.java:1548)
	at com.sun.org.apache.xerces.internal.impl.XMLDocumentFragmentScannerImpl.scanStartElement(XMLDocumentFragmentScannerImpl.java:1320)
	at com.sun.org.apache.xerces.internal.impl.XMLDocumentFragmentScannerImpl$FragmentContentDriver.next(XMLDocumentFragmentScannerImpl.java:2787)
	at com.sun.org.apache.xerces.internal.impl.XMLDocumentScannerImpl.next(XMLDocumentScannerImpl.java:606)
	at com.sun.org.apache.xerces.internal.impl.XMLDocumentFragmentScannerImpl.scanDocument(XMLDocumentFragmentScannerImpl.java:510)
	at com.sun.org.apache.xerces.internal.parsers.XML11Configuration.parse(XML11Configuration.java:848)
	at com.sun.org.apache.xerces.internal.parsers.XML11Configuration.parse(XML11Configuration.java:777)
	at com.sun.org.apache.xerces.internal.parsers.XMLParser.parse(XMLParser.java:141)
	at com.sun.org.apache.xerces.internal.parsers.AbstractSAXParser.parse(AbstractSAXParser.java:1213)
	at com.sun.org.apache.xerces.internal.jaxp.SAXParserImpl$JAXPSAXParser.parse(SAXParserImpl.java:643)
	at org.apache.tomcat.util.digester.Digester.parse(Digester.java:1448)
	at org.apache.catalina.startup.Catalina.load(Catalina.java:552)
	at org.apache.catalina.startup.Catalina.start(Catalina.java:617)
	at sun.reflect.NativeMethodAccessorImpl.invoke0(Native Method)
	at sun.reflect.NativeMethodAccessorImpl.invoke(NativeMethodAccessorImpl.java:62)
	at sun.reflect.DelegatingMethodAccessorImpl.invoke(DelegatingMethodAccessorImpl.java:43)
	at java.lang.reflect.Method.invoke(Method.java:497)
	at org.apache.catalina.startup.Bootstrap.start(Bootstrap.java:351)
	at org.apache.catalina.startup.Bootstrap.main(Bootstrap.java:485)

24-Jan-2017 16:22:06.203 WARNING [main] org.apache.catalina.startup.Catalina.load Catalina.start using conf/server.xml: Open quote is expected for attribute "docBase" associated with an  element type  "Context".
24-Jan-2017 16:22:06.205 SEVERE [1] org.apache.catalina.startup.Catalina.start Cannot start server. Server instance is not configured.
24-Jan-2017 16:22:11.901 SEVERE [main] org.apache.tomcat.util.digester.Digester.fatalError Parse Fatal Error at line 125 column 21: Open quote is expected for attribute "docBase" associated with an  element type  "Context".
 org.xml.sax.SAXParseException; systemId: file:/U:/workspace/apache-tomcat-8.0.39/apache-tomcat-8.0.39/conf/server.xml; lineNumber: 125; columnNumber: 21; Open quote is expected for attribute "docBase" associated with an  element type  "Context".
	at com.sun.org.apache.xerces.internal.util.ErrorHandlerWrapper.createSAXParseException(ErrorHandlerWrapper.java:203)
	at com.sun.org.apache.xerces.internal.util.ErrorHandlerWrapper.fatalError(ErrorHandlerWrapper.java:177)
	at com.sun.org.apache.xerces.internal.impl.XMLErrorReporter.reportError(XMLErrorReporter.java:400)
	at com.sun.org.apache.xerces.internal.impl.XMLErrorReporter.reportError(XMLErrorReporter.java:327)
	at com.sun.org.apache.xerces.internal.impl.XMLScanner.reportFatalError(XMLScanner.java:1437)
	at com.sun.org.apache.xerces.internal.impl.XMLScanner.scanAttributeValue(XMLScanner.java:830)
	at com.sun.org.apache.xerces.internal.impl.XMLDocumentFragmentScannerImpl.scanAttribute(XMLDocumentFragmentScannerImpl.java:1548)
	at com.sun.org.apache.xerces.internal.impl.XMLDocumentFragmentScannerImpl.scanStartElement(XMLDocumentFragmentScannerImpl.java:1320)
	at com.sun.org.apache.xerces.internal.impl.XMLDocumentFragmentScannerImpl$FragmentContentDriver.next(XMLDocumentFragmentScannerImpl.java:2787)
	at com.sun.org.apache.xerces.internal.impl.XMLDocumentScannerImpl.next(XMLDocumentScannerImpl.java:606)
	at com.sun.org.apache.xerces.internal.impl.XMLDocumentFragmentScannerImpl.scanDocument(XMLDocumentFragmentScannerImpl.java:510)
	at com.sun.org.apache.xerces.internal.parsers.XML11Configuration.parse(XML11Configuration.java:848)
	at com.sun.org.apache.xerces.internal.parsers.XML11Configuration.parse(XML11Configuration.java:777)
	at com.sun.org.apache.xerces.internal.parsers.XMLParser.parse(XMLParser.java:141)
	at com.sun.org.apache.xerces.internal.parsers.AbstractSAXParser.parse(AbstractSAXParser.java:1213)
	at com.sun.org.apache.xerces.internal.jaxp.SAXParserImpl$JAXPSAXParser.parse(SAXParserImpl.java:643)
	at org.apache.tomcat.util.digester.Digester.parse(Digester.java:1448)
	at org.apache.catalina.startup.Catalina.stopServer(Catalina.java:432)
	at sun.reflect.NativeMethodAccessorImpl.invoke0(Native Method)
	at sun.reflect.NativeMethodAccessorImpl.invoke(NativeMethodAccessorImpl.java:62)
	at sun.reflect.DelegatingMethodAccessorImpl.invoke(DelegatingMethodAccessorImpl.java:43)
	at java.lang.reflect.Method.invoke(Method.java:497)
	at org.apache.catalina.startup.Bootstrap.stopServer(Bootstrap.java:400)
	at org.apache.catalina.startup.Bootstrap.main(Bootstrap.java:487)

24-Jan-2017 16:22:11.921 SEVERE [main] org.apache.catalina.startup.Catalina.stopServer Catalina.stop: 
 org.xml.sax.SAXParseException; systemId: file:/U:/workspace/apache-tomcat-8.0.39/apache-tomcat-8.0.39/conf/server.xml; lineNumber: 125; columnNumber: 21; Open quote is expected for attribute "docBase" associated with an  element type  "Context".
	at com.sun.org.apache.xerces.internal.parsers.AbstractSAXParser.parse(AbstractSAXParser.java:1239)
	at com.sun.org.apache.xerces.internal.jaxp.SAXParserImpl$JAXPSAXParser.parse(SAXParserImpl.java:643)
	at org.apache.tomcat.util.digester.Digester.parse(Digester.java:1448)
	at org.apache.catalina.startup.Catalina.stopServer(Catalina.java:432)
	at sun.reflect.NativeMethodAccessorImpl.invoke0(Native Method)
	at sun.reflect.NativeMethodAccessorImpl.invoke(NativeMethodAccessorImpl.java:62)
	at sun.reflect.DelegatingMethodAccessorImpl.invoke(DelegatingMethodAccessorImpl.java:43)
	at java.lang.reflect.Method.invoke(Method.java:497)
	at org.apache.catalina.startup.Bootstrap.stopServer(Bootstrap.java:400)
	at org.apache.catalina.startup.Bootstrap.main(Bootstrap.java:487)

24-Jan-2017 16:22:16.407 SEVERE [main] org.apache.tomcat.util.digester.Digester.fatalError Parse Fatal Error at line 125 column 21: Open quote is expected for attribute "docBase" associated with an  element type  "Context".
 org.xml.sax.SAXParseException; systemId: file:/U:/workspace/apache-tomcat-8.0.39/apache-tomcat-8.0.39/conf/server.xml; lineNumber: 125; columnNumber: 21; Open quote is expected for attribute "docBase" associated with an  element type  "Context".
	at com.sun.org.apache.xerces.internal.util.ErrorHandlerWrapper.createSAXParseException(ErrorHandlerWrapper.java:203)
	at com.sun.org.apache.xerces.internal.util.ErrorHandlerWrapper.fatalError(ErrorHandlerWrapper.java:177)
	at com.sun.org.apache.xerces.internal.impl.XMLErrorReporter.reportError(XMLErrorReporter.java:400)
	at com.sun.org.apache.xerces.internal.impl.XMLErrorReporter.reportError(XMLErrorReporter.java:327)
	at com.sun.org.apache.xerces.internal.impl.XMLScanner.reportFatalError(XMLScanner.java:1437)
	at com.sun.org.apache.xerces.internal.impl.XMLScanner.scanAttributeValue(XMLScanner.java:830)
	at com.sun.org.apache.xerces.internal.impl.XMLDocumentFragmentScannerImpl.scanAttribute(XMLDocumentFragmentScannerImpl.java:1548)
	at com.sun.org.apache.xerces.internal.impl.XMLDocumentFragmentScannerImpl.scanStartElement(XMLDocumentFragmentScannerImpl.java:1320)
	at com.sun.org.apache.xerces.internal.impl.XMLDocumentFragmentScannerImpl$FragmentContentDriver.next(XMLDocumentFragmentScannerImpl.java:2787)
	at com.sun.org.apache.xerces.internal.impl.XMLDocumentScannerImpl.next(XMLDocumentScannerImpl.java:606)
	at com.sun.org.apache.xerces.internal.impl.XMLDocumentFragmentScannerImpl.scanDocument(XMLDocumentFragmentScannerImpl.java:510)
	at com.sun.org.apache.xerces.internal.parsers.XML11Configuration.parse(XML11Configuration.java:848)
	at com.sun.org.apache.xerces.internal.parsers.XML11Configuration.parse(XML11Configuration.java:777)
	at com.sun.org.apache.xerces.internal.parsers.XMLParser.parse(XMLParser.java:141)
	at com.sun.org.apache.xerces.internal.parsers.AbstractSAXParser.parse(AbstractSAXParser.java:1213)
	at com.sun.org.apache.xerces.internal.jaxp.SAXParserImpl$JAXPSAXParser.parse(SAXParserImpl.java:643)
	at org.apache.tomcat.util.digester.Digester.parse(Digester.java:1448)
	at org.apache.catalina.startup.Catalina.load(Catalina.java:552)
	at org.apache.catalina.startup.Catalina.load(Catalina.java:603)
	at sun.reflect.NativeMethodAccessorImpl.invoke0(Native Method)
	at sun.reflect.NativeMethodAccessorImpl.invoke(NativeMethodAccessorImpl.java:62)
	at sun.reflect.DelegatingMethodAccessorImpl.invoke(DelegatingMethodAccessorImpl.java:43)
	at java.lang.reflect.Method.invoke(Method.java:497)
	at org.apache.catalina.startup.Bootstrap.load(Bootstrap.java:310)
	at org.apache.catalina.startup.Bootstrap.main(Bootstrap.java:484)

24-Jan-2017 16:22:16.419 WARNING [main] org.apache.catalina.startup.Catalina.load Catalina.start using conf/server.xml: Open quote is expected for attribute "docBase" associated with an  element type  "Context".
24-Jan-2017 16:22:16.426 SEVERE [main] org.apache.tomcat.util.digester.Digester.fatalError Parse Fatal Error at line 125 column 21: Open quote is expected for attribute "docBase" associated with an  element type  "Context".
 org.xml.sax.SAXParseException; systemId: file:/U:/workspace/apache-tomcat-8.0.39/apache-tomcat-8.0.39/conf/server.xml; lineNumber: 125; columnNumber: 21; Open quote is expected for attribute "docBase" associated with an  element type  "Context".
	at com.sun.org.apache.xerces.internal.util.ErrorHandlerWrapper.createSAXParseException(ErrorHandlerWrapper.java:203)
	at com.sun.org.apache.xerces.internal.util.ErrorHandlerWrapper.fatalError(ErrorHandlerWrapper.java:177)
	at com.sun.org.apache.xerces.internal.impl.XMLErrorReporter.reportError(XMLErrorReporter.java:400)
	at com.sun.org.apache.xerces.internal.impl.XMLErrorReporter.reportError(XMLErrorReporter.java:327)
	at com.sun.org.apache.xerces.internal.impl.XMLScanner.reportFatalError(XMLScanner.java:1437)
	at com.sun.org.apache.xerces.internal.impl.XMLScanner.scanAttributeValue(XMLScanner.java:830)
	at com.sun.org.apache.xerces.internal.impl.XMLDocumentFragmentScannerImpl.scanAttribute(XMLDocumentFragmentScannerImpl.java:1548)
	at com.sun.org.apache.xerces.internal.impl.XMLDocumentFragmentScannerImpl.scanStartElement(XMLDocumentFragmentScannerImpl.java:1320)
	at com.sun.org.apache.xerces.internal.impl.XMLDocumentFragmentScannerImpl$FragmentContentDriver.next(XMLDocumentFragmentScannerImpl.java:2787)
	at com.sun.org.apache.xerces.internal.impl.XMLDocumentScannerImpl.next(XMLDocumentScannerImpl.java:606)
	at com.sun.org.apache.xerces.internal.impl.XMLDocumentFragmentScannerImpl.scanDocument(XMLDocumentFragmentScannerImpl.java:510)
	at com.sun.org.apache.xerces.internal.parsers.XML11Configuration.parse(XML11Configuration.java:848)
	at com.sun.org.apache.xerces.internal.parsers.XML11Configuration.parse(XML11Configuration.java:777)
	at com.sun.org.apache.xerces.internal.parsers.XMLParser.parse(XMLParser.java:141)
	at com.sun.org.apache.xerces.internal.parsers.AbstractSAXParser.parse(AbstractSAXParser.java:1213)
	at com.sun.org.apache.xerces.internal.jaxp.SAXParserImpl$JAXPSAXParser.parse(SAXParserImpl.java:643)
	at org.apache.tomcat.util.digester.Digester.parse(Digester.java:1448)
	at org.apache.catalina.startup.Catalina.load(Catalina.java:552)
	at org.apache.catalina.startup.Catalina.start(Catalina.java:617)
	at sun.reflect.NativeMethodAccessorImpl.invoke0(Native Method)
	at sun.reflect.NativeMethodAccessorImpl.invoke(NativeMethodAccessorImpl.java:62)
	at sun.reflect.DelegatingMethodAccessorImpl.invoke(DelegatingMethodAccessorImpl.java:43)
	at java.lang.reflect.Method.invoke(Method.java:497)
	at org.apache.catalina.startup.Bootstrap.start(Bootstrap.java:351)
	at org.apache.catalina.startup.Bootstrap.main(Bootstrap.java:485)

24-Jan-2017 16:22:16.438 WARNING [1] org.apache.catalina.startup.Catalina.load Catalina.start using conf/server.xml: Open quote is expected for attribute "docBase" associated with an  element type  "Context".
24-Jan-2017 16:23:07.689 INFO [main] org.apache.catalina.core.StandardServer.await A valid shutdown command was received via the shutdown port. Stopping the Server instance.
24-Jan-2017 16:23:07.691 INFO [main] org.apache.coyote.AbstractProtocol.pause Pausing ProtocolHandler ["http-nio-8080"]
24-Jan-2017 16:23:07.749 INFO [main] org.apache.coyote.AbstractProtocol.pause Pausing ProtocolHandler ["ajp-nio-8009"]
24-Jan-2017 16:23:07.800 INFO [main] org.apache.catalina.core.StandardService.stopInternal Stopping service Catalina
24-Jan-2017 16:23:07.867 INFO [main] org.apache.coyote.AbstractProtocol.stop Stopping ProtocolHandler ["http-nio-8080"]
24-Jan-2017 16:23:07.923 INFO [main] org.apache.coyote.AbstractProtocol.stop Stopping ProtocolHandler ["ajp-nio-8009"]
24-Jan-2017 16:23:07.925 INFO [main] org.apache.coyote.AbstractProtocol.destroy Destroying ProtocolHandler ["http-nio-8080"]
24-Jan-2017 16:23:07.927 INFO [main] org.apache.coyote.AbstractProtocol.destroy Destroying ProtocolHandler ["ajp-nio-8009"]
24-Jan-2017 16:23:11.129 INFO [main] org.apache.catalina.startup.VersionLoggerListener.log Server version:        Apache Tomcat/8.0.39
24-Jan-2017 16:23:11.132 INFO [main] org.apache.catalina.startup.VersionLoggerListener.log Server built:          Nov 9 2016 08:48:39 UTC
24-Jan-2017 16:23:11.132 INFO [main] org.apache.catalina.startup.VersionLoggerListener.log Server number:         8.0.39.0
24-Jan-2017 16:23:11.133 INFO [main] org.apache.catalina.startup.VersionLoggerListener.log OS Name:               Windows 7
24-Jan-2017 16:23:11.133 INFO [main] org.apache.catalina.startup.VersionLoggerListener.log OS Version:            6.1
24-Jan-2017 16:23:11.133 INFO [main] org.apache.catalina.startup.VersionLoggerListener.log Architecture:          amd64
24-Jan-2017 16:23:11.133 INFO [main] org.apache.catalina.startup.VersionLoggerListener.log Java Home:             C:\Program Files\Java\jdk1.8.0_66\jre
24-Jan-2017 16:23:11.133 INFO [main] org.apache.catalina.startup.VersionLoggerListener.log JVM Version:           1.8.0_66-b18
24-Jan-2017 16:23:11.133 INFO [main] org.apache.catalina.startup.VersionLoggerListener.log JVM Vendor:            Oracle Corporation
24-Jan-2017 16:23:11.134 INFO [main] org.apache.catalina.startup.VersionLoggerListener.log CATALINA_BASE:         U:\workspace\apache-tomcat-8.0.39\apache-tomcat-8.0.39
24-Jan-2017 16:23:11.134 INFO [main] org.apache.catalina.startup.VersionLoggerListener.log CATALINA_HOME:         U:\workspace\apache-tomcat-8.0.39\apache-tomcat-8.0.39
24-Jan-2017 16:23:11.134 INFO [main] org.apache.catalina.startup.VersionLoggerListener.log Command line argument: -Djdk.tls.ephemeralDHKeySize=2048
24-Jan-2017 16:23:11.135 INFO [main] org.apache.catalina.startup.VersionLoggerListener.log Command line argument: -Djava.protocol.handler.pkgs=org.apache.catalina.webresources
24-Jan-2017 16:23:11.136 INFO [main] org.apache.catalina.startup.VersionLoggerListener.log Command line argument: -Djava.util.logging.config.file=U:\workspace\apache-tomcat-8.0.39\apache-tomcat-8.0.39\conf\logging.properties
24-Jan-2017 16:23:11.137 INFO [main] org.apache.catalina.startup.VersionLoggerListener.log Command line argument: -Djava.util.logging.manager=org.apache.juli.ClassLoaderLogManager
24-Jan-2017 16:23:11.139 INFO [main] org.apache.catalina.startup.VersionLoggerListener.log Command line argument: -Djava.endorsed.dirs=U:\workspace\apache-tomcat-8.0.39\apache-tomcat-8.0.39\endorsed
24-Jan-2017 16:23:11.141 INFO [main] org.apache.catalina.startup.VersionLoggerListener.log Command line argument: -Dcatalina.base=U:\workspace\apache-tomcat-8.0.39\apache-tomcat-8.0.39
24-Jan-2017 16:23:11.142 INFO [main] org.apache.catalina.startup.VersionLoggerListener.log Command line argument: -Dcatalina.home=U:\workspace\apache-tomcat-8.0.39\apache-tomcat-8.0.39
24-Jan-2017 16:23:11.143 INFO [main] org.apache.catalina.startup.VersionLoggerListener.log Command line argument: -Djava.io.tmpdir=U:\workspace\apache-tomcat-8.0.39\apache-tomcat-8.0.39\temp
24-Jan-2017 16:23:11.144 INFO [main] org.apache.catalina.core.AprLifecycleListener.lifecycleEvent The APR based Apache Tomcat Native library which allows optimal performance in production environments was not found on the java.library.path: C:\Program Files\Java\jdk1.8.0_66\jre\bin;C:\Windows\Sun\Java\bin;C:\Windows\system32;C:\Windows;C:\Program Files\Python35\Scripts\;C:\Program Files\Python35\;C:\ProgramData\Oracle\Java\javapath;C:\Windows\system32;C:\Windows;C:\Windows\System32\Wbem;C:\Windows\System32\WindowsPowerShell\v1.0\;C:\Program Files\Intel\DMIX;c:\Program Files (x86)\Microsoft SQL Server\100\Tools\Binn\;c:\Program Files\Microsoft SQL Server\100\Tools\Binn\;c:\Program Files\Microsoft SQL Server\100\DTS\Binn\;C:\Program Files (x86)\Intel\OpenCL SDK\2.0\bin\x86;C:\Program Files (x86)\Intel\OpenCL SDK\2.0\bin\x64;C:\Program Files\TortoiseSVN\bin;C:\Program Files\TortoiseGit\bin;C:\Program Files (x86)\Intel\OpenCL SDK\2.0\bin\x86;C:\Program Files (x86)\Intel\OpenCL SDK\2.0\bin\x64;.
24-Jan-2017 16:23:11.380 INFO [main] org.apache.coyote.AbstractProtocol.init Initializing ProtocolHandler ["http-nio-8080"]
24-Jan-2017 16:23:11.466 INFO [main] org.apache.tomcat.util.net.NioSelectorPool.getSharedSelector Using a shared selector for servlet write/read
24-Jan-2017 16:23:11.474 INFO [main] org.apache.coyote.AbstractProtocol.init Initializing ProtocolHandler ["ajp-nio-8009"]
24-Jan-2017 16:23:11.479 INFO [main] org.apache.tomcat.util.net.NioSelectorPool.getSharedSelector Using a shared selector for servlet write/read
24-Jan-2017 16:23:11.481 INFO [main] org.apache.catalina.startup.Catalina.load Initialization processed in 1253 ms
24-Jan-2017 16:23:11.584 INFO [main] org.apache.catalina.core.StandardService.startInternal Starting service Catalina
24-Jan-2017 16:23:11.585 INFO [main] org.apache.catalina.core.StandardEngine.startInternal Starting Servlet Engine: Apache Tomcat/8.0.39
24-Jan-2017 16:23:12.973 INFO [localhost-startStop-1] org.apache.catalina.startup.HostConfig.deployWAR Deploying web application archive U:\workspace\apache-tomcat-8.0.39\apache-tomcat-8.0.39\webapps\AwTP3bis.war
24-Jan-2017 16:23:13.060 INFO [localhost-startStop-1] org.apache.catalina.startup.HostConfig.deployWAR Deployment of web application archive U:\workspace\apache-tomcat-8.0.39\apache-tomcat-8.0.39\webapps\AwTP3bis.war has finished in 87 ms
24-Jan-2017 16:23:13.071 INFO [localhost-startStop-1] org.apache.catalina.startup.HostConfig.deployDirectory Deploying web application directory U:\workspace\apache-tomcat-8.0.39\apache-tomcat-8.0.39\webapps\docs
24-Jan-2017 16:23:13.194 INFO [localhost-startStop-1] org.apache.catalina.startup.HostConfig.deployDirectory Deployment of web application directory U:\workspace\apache-tomcat-8.0.39\apache-tomcat-8.0.39\webapps\docs has finished in 123 ms
24-Jan-2017 16:23:13.195 INFO [localhost-startStop-1] org.apache.catalina.startup.HostConfig.deployDirectory Deploying web application directory U:\workspace\apache-tomcat-8.0.39\apache-tomcat-8.0.39\webapps\examples
24-Jan-2017 16:23:15.071 INFO [localhost-startStop-1] org.apache.catalina.startup.HostConfig.deployDirectory Deployment of web application directory U:\workspace\apache-tomcat-8.0.39\apache-tomcat-8.0.39\webapps\examples has finished in 1,876 ms
24-Jan-2017 16:23:15.072 INFO [localhost-startStop-1] org.apache.catalina.startup.HostConfig.deployDirectory Deploying web application directory U:\workspace\apache-tomcat-8.0.39\apache-tomcat-8.0.39\webapps\host-manager
24-Jan-2017 16:23:15.171 INFO [localhost-startStop-1] org.apache.catalina.startup.HostConfig.deployDirectory Deployment of web application directory U:\workspace\apache-tomcat-8.0.39\apache-tomcat-8.0.39\webapps\host-manager has finished in 98 ms
24-Jan-2017 16:23:15.172 INFO [localhost-startStop-1] org.apache.catalina.startup.HostConfig.deployDirectory Deploying web application directory U:\workspace\apache-tomcat-8.0.39\apache-tomcat-8.0.39\webapps\manager
24-Jan-2017 16:23:15.285 INFO [localhost-startStop-1] org.apache.catalina.startup.HostConfig.deployDirectory Deployment of web application directory U:\workspace\apache-tomcat-8.0.39\apache-tomcat-8.0.39\webapps\manager has finished in 113 ms
24-Jan-2017 16:23:15.295 INFO [main] org.apache.coyote.AbstractProtocol.start Starting ProtocolHandler ["http-nio-8080"]
24-Jan-2017 16:23:15.324 INFO [main] org.apache.coyote.AbstractProtocol.start Starting ProtocolHandler ["ajp-nio-8009"]
24-Jan-2017 16:23:15.328 INFO [main] org.apache.catalina.startup.Catalina.start Server startup in 3845 ms
